# JRE version: OpenJDK Runtime Environment (8.0_212-b04) (build 1.8.0_212-release-1586-b04)
# Java VM: OpenJDK 64-Bit Server VM (25.212-b04 mixed mode windows-amd64 compressed oops)
Heap:
 PSYoungGen      total 485888K, used 268010K [0x00000000e0000000, 0x0000000100000000, 0x0000000100000000)
  eden space 452096K, 51% used [0x00000000e0000000,0x00000000ee4bd150,0x00000000fb980000)
  from space 33792K, 99% used [0x00000000fb980000,0x00000000fda7da88,0x00000000fda80000)
  to   space 38400K, 0% used [0x00000000fda80000,0x00000000fda80000,0x0000000100000000)
 ParOldGen       total 279552K, used 231726K [0x00000000a0000000, 0x00000000b1100000, 0x00000000e0000000)
  object space 279552K, 82% used [0x00000000a0000000,0x00000000ae24b878,0x00000000b1100000)
 Metaspace       used 72604K, capacity 76874K, committed 77080K, reserved 1116160K
  class space    used 9885K, capacity 10707K, committed 10792K, reserved 1048576K
GC Heap History (10 events):
Event: 11.445 GC heap before
{Heap before GC invocations=26 (full 3):
 PSYoungGen      total 474624K, used 447264K [0x00000000e0000000, 0x00000000ffa80000, 0x0000000100000000)
  eden space 437760K, 100% used [0x00000000e0000000,0x00000000fab80000,0x00000000fab80000)
  from space 36864K, 25% used [0x00000000fd680000,0x00000000fdfc8020,0x00000000ffa80000)
  to   space 40448K, 0% used [0x00000000fab80000,0x00000000fab80000,0x00000000fd300000)
 ParOldGen       total 279552K, used 168195K [0x00000000a0000000, 0x00000000b1100000, 0x00000000e0000000)
  object space 279552K, 60% used [0x00000000a0000000,0x00000000aa440f80,0x00000000b1100000)
 Metaspace       used 71249K, capacity 75294K, committed 75544K, reserved 1114112K
  class space    used 9758K, capacity 10505K, committed 10536K, reserved 1048576K
Event: 11.459 GC heap after
Heap after GC invocations=26 (full 3):
 PSYoungGen      total 478208K, used 9969K [0x00000000e0000000, 0x0000000100000000, 0x0000000100000000)
  eden space 437760K, 0% used [0x00000000e0000000,0x00000000e0000000,0x00000000fab80000)
  from space 40448K, 24% used [0x00000000fab80000,0x00000000fb53c5a0,0x00000000fd300000)
  to   space 38912K, 0% used [0x00000000fda00000,0x00000000fda00000,0x0000000100000000)
 ParOldGen       total 279552K, used 176633K [0x00000000a0000000, 0x00000000b1100000, 0x00000000e0000000)
  object space 279552K, 63% used [0x00000000a0000000,0x00000000aac7e6d8,0x00000000b1100000)
 Metaspace       used 71249K, capacity 75294K, committed 75544K, reserved 1114112K
  class space    used 9758K, capacity 10505K, committed 10536K, reserved 1048576K
}
Event: 11.852 GC heap before
{Heap before GC invocations=27 (full 3):
 PSYoungGen      total 478208K, used 447729K [0x00000000e0000000, 0x0000000100000000, 0x0000000100000000)
  eden space 437760K, 100% used [0x00000000e0000000,0x00000000fab80000,0x00000000fab80000)
  from space 40448K, 24% used [0x00000000fab80000,0x00000000fb53c5a0,0x00000000fd300000)
  to   space 38912K, 0% used [0x00000000fda00000,0x00000000fda00000,0x0000000100000000)
 ParOldGen       total 279552K, used 176633K [0x00000000a0000000, 0x00000000b1100000, 0x00000000e0000000)
  object space 279552K, 63% used [0x00000000a0000000,0x00000000aac7e6d8,0x00000000b1100000)
 Metaspace       used 71589K, capacity 75660K, committed 75928K, reserved 1114112K
  class space    used 9786K, capacity 10548K, committed 10664K, reserved 1048576K
Event: 11.868 GC heap after
Heap after GC invocations=27 (full 3):
 PSYoungGen      total 478208K, used 10304K [0x00000000e0000000, 0x00000000ffa80000, 0x0000000100000000)
  eden space 444928K, 0% used [0x00000000e0000000,0x00000000e0000000,0x00000000fb280000)
  from space 33280K, 30% used [0x00000000fda00000,0x00000000fe410020,0x00000000ffa80000)
  to   space 36864K, 0% used [0x00000000fb280000,0x00000000fb280000,0x00000000fd680000)
 ParOldGen       total 279552K, used 184424K [0x00000000a0000000, 0x00000000b1100000, 0x00000000e0000000)
  object space 279552K, 65% used [0x00000000a0000000,0x00000000ab41a1a0,0x00000000b1100000)
 Metaspace       used 71589K, capacity 75660K, committed 75928K, reserved 1114112K
  class space    used 9786K, capacity 10548K, committed 10664K, reserved 1048576K
}
Event: 12.261 GC heap before
{Heap before GC invocations=28 (full 3):
 PSYoungGen      total 478208K, used 455232K [0x00000000e0000000, 0x00000000ffa80000, 0x0000000100000000)
  eden space 444928K, 100% used [0x00000000e0000000,0x00000000fb280000,0x00000000fb280000)
  from space 33280K, 30% used [0x00000000fda00000,0x00000000fe410020,0x00000000ffa80000)
  to   space 36864K, 0% used [0x00000000fb280000,0x00000000fb280000,0x00000000fd680000)
 ParOldGen       total 279552K, used 184424K [0x00000000a0000000, 0x00000000b1100000, 0x00000000e0000000)
  object space 279552K, 65% used [0x00000000a0000000,0x00000000ab41a1a0,0x00000000b1100000)
 Metaspace       used 71608K, capacity 75664K, committed 75928K, reserved 1114112K
  class space    used 9786K, capacity 10548K, committed 10664K, reserved 1048576K
Event: 12.272 GC heap after
Heap after GC invocations=28 (full 3):
 PSYoungGen      total 481792K, used 8704K [0x00000000e0000000, 0x0000000100000000, 0x0000000100000000)
  eden space 444928K, 0% used [0x00000000e0000000,0x00000000e0000000,0x00000000fb280000)
  from space 36864K, 23% used [0x00000000fb280000,0x00000000fbb00050,0x00000000fd680000)
  to   space 35328K, 0% used [0x00000000fdd80000,0x00000000fdd80000,0x0000000100000000)
 ParOldGen       total 279552K, used 191896K [0x00000000a0000000, 0x00000000b1100000, 0x00000000e0000000)
  object space 279552K, 68% used [0x00000000a0000000,0x00000000abb663c8,0x00000000b1100000)
 Metaspace       used 71608K, capacity 75664K, committed 75928K, reserved 1114112K
  class space    used 9786K, capacity 10548K, committed 10664K, reserved 1048576K
}
Event: 12.763 GC heap before
{Heap before GC invocations=29 (full 3):
 PSYoungGen      total 481792K, used 453632K [0x00000000e0000000, 0x0000000100000000, 0x0000000100000000)
  eden space 444928K, 100% used [0x00000000e0000000,0x00000000fb280000,0x00000000fb280000)
  from space 36864K, 23% used [0x00000000fb280000,0x00000000fbb00050,0x00000000fd680000)
  to   space 35328K, 0% used [0x00000000fdd80000,0x00000000fdd80000,0x0000000100000000)
 ParOldGen       total 279552K, used 191896K [0x00000000a0000000, 0x00000000b1100000, 0x00000000e0000000)
  object space 279552K, 68% used [0x00000000a0000000,0x00000000abb663c8,0x00000000b1100000)
 Metaspace       used 71674K, capacity 75728K, committed 75928K, reserved 1114112K
  class space    used 9786K, capacity 10548K, committed 10664K, reserved 1048576K
Event: 12.777 GC heap after
Heap after GC invocations=29 (full 3):
 PSYoungGen      total 482816K, used 11391K [0x00000000e0000000, 0x00000000ffb80000, 0x0000000100000000)
  eden space 452096K, 0% used [0x00000000e0000000,0x00000000e0000000,0x00000000fb980000)
  from space 30720K, 37% used [0x00000000fdd80000,0x00000000fe89fc68,0x00000000ffb80000)
  to   space 33792K, 0% used [0x00000000fb980000,0x00000000fb980000,0x00000000fda80000)
 ParOldGen       total 279552K, used 198969K [0x00000000a0000000, 0x00000000b1100000, 0x00000000e0000000)
  object space 279552K, 71% used [0x00000000a0000000,0x00000000ac24e418,0x00000000b1100000)
 Metaspace       used 71674K, capacity 75728K, committed 75928K, reserved 1114112K
  class space    used 9786K, capacity 10548K, committed 10664K, reserved 1048576K
}
Event: 13.805 GC heap before
{Heap before GC invocations=30 (full 3):
 PSYoungGen      total 482816K, used 463487K [0x00000000e0000000, 0x00000000ffb80000, 0x0000000100000000)
  eden space 452096K, 100% used [0x00000000e0000000,0x00000000fb980000,0x00000000fb980000)
  from space 30720K, 37% used [0x00000000fdd80000,0x00000000fe89fc68,0x00000000ffb80000)
  to   space 33792K, 0% used [0x00000000fb980000,0x00000000fb980000,0x00000000fda80000)
 ParOldGen       total 279552K, used 198969K [0x00000000a0000000, 0x00000000b1100000, 0x00000000e0000000)
  object space 279552K, 71% used [0x00000000a0000000,0x00000000ac24e418,0x00000000b1100000)
 Metaspace       used 72536K, capacity 76874K, committed 77080K, reserved 1116160K
  class space    used 9885K, capacity 10707K, committed 10792K, reserved 1048576K
Event: 13.842 GC heap after
Heap after GC invocations=30 (full 3):
 PSYoungGen      total 485888K, used 33782K [0x00000000e0000000, 0x0000000100000000, 0x0000000100000000)
  eden space 452096K, 0% used [0x00000000e0000000,0x00000000e0000000,0x00000000fb980000)
  from space 33792K, 99% used [0x00000000fb980000,0x00000000fda7da88,0x00000000fda80000)
  to   space 38400K, 0% used [0x00000000fda80000,0x00000000fda80000,0x0000000100000000)
 ParOldGen       total 279552K, used 231726K [0x00000000a0000000, 0x00000000b1100000, 0x00000000e0000000)
  object space 279552K, 82% used [0x00000000a0000000,0x00000000ae24b878,0x00000000b1100000)
 Metaspace       used 72536K, capacity 76874K, committed 77080K, reserved 1116160K
  class space    used 9885K, capacity 10707K, committed 10792K, reserved 1048576K
}

