# JRE version: OpenJDK Runtime Environment (8.0_212-b04) (build 1.8.0_212-release-1586-b04)
# Java VM: OpenJDK 64-Bit Server VM (25.212-b04 mixed mode windows-amd64 compressed oops)
Heap:
 PSYoungGen      total 200192K, used 29986K [0x00000000e0000000, 0x00000000f0480000, 0x0000000100000000)
  eden space 178688K, 16% used [0x00000000e0000000,0x00000000e1d48938,0x00000000eae80000)
  from space 21504K, 0% used [0x00000000eae80000,0x00000000eae80000,0x00000000ec380000)
  to   space 22528K, 0% used [0x00000000eee80000,0x00000000eee80000,0x00000000f0480000)
 ParOldGen       total 276480K, used 33071K [0x00000000a0000000, 0x00000000b0e00000, 0x00000000e0000000)
  object space 276480K, 11% used [0x00000000a0000000,0x00000000a204bee0,0x00000000b0e00000)
 Metaspace       used 58502K, capacity 60138K, committed 60440K, reserved 1101824K
  class space    used 7967K, capacity 8407K, committed 8488K, reserved 1048576K
GC Heap History (10 events):
Event: 3.773 GC heap before
{Heap before GC invocations=8 (full 2):
 PSYoungGen      total 150528K, used 9865K [0x00000000e0000000, 0x00000000ed680000, 0x0000000100000000)
  eden space 137216K, 0% used [0x00000000e0000000,0x00000000e0000000,0x00000000e8600000)
  from space 13312K, 74% used [0x00000000e9300000,0x00000000e9ca2418,0x00000000ea000000)
  to   space 13312K, 0% used [0x00000000e8600000,0x00000000e8600000,0x00000000e9300000)
 ParOldGen       total 112640K, used 11269K [0x00000000a0000000, 0x00000000a6e00000, 0x00000000e0000000)
  object space 112640K, 10% used [0x00000000a0000000,0x00000000a0b015f8,0x00000000a6e00000)
 Metaspace       used 34632K, capacity 35448K, committed 35496K, reserved 1079296K
  class space    used 4770K, capacity 5007K, committed 5032K, reserved 1048576K
Event: 3.844 GC heap after
Heap after GC invocations=8 (full 2):
 PSYoungGen      total 150528K, used 0K [0x00000000e0000000, 0x00000000ed680000, 0x0000000100000000)
  eden space 137216K, 0% used [0x00000000e0000000,0x00000000e0000000,0x00000000e8600000)
  from space 13312K, 0% used [0x00000000e9300000,0x00000000e9300000,0x00000000ea000000)
  to   space 13312K, 0% used [0x00000000e8600000,0x00000000e8600000,0x00000000e9300000)
 ParOldGen       total 184832K, used 16768K [0x00000000a0000000, 0x00000000ab480000, 0x00000000e0000000)
  object space 184832K, 9% used [0x00000000a0000000,0x00000000a10602f0,0x00000000ab480000)
 Metaspace       used 34579K, capacity 35268K, committed 35496K, reserved 1079296K
  class space    used 4753K, capacity 4977K, committed 5032K, reserved 1048576K
}
Event: 4.742 GC heap before
{Heap before GC invocations=9 (full 2):
 PSYoungGen      total 150528K, used 137216K [0x00000000e0000000, 0x00000000ed680000, 0x0000000100000000)
  eden space 137216K, 100% used [0x00000000e0000000,0x00000000e8600000,0x00000000e8600000)
  from space 13312K, 0% used [0x00000000e9300000,0x00000000e9300000,0x00000000ea000000)
  to   space 13312K, 0% used [0x00000000e8600000,0x00000000e8600000,0x00000000e9300000)
 ParOldGen       total 184832K, used 16768K [0x00000000a0000000, 0x00000000ab480000, 0x00000000e0000000)
  object space 184832K, 9% used [0x00000000a0000000,0x00000000a10602f0,0x00000000ab480000)
 Metaspace       used 47156K, capacity 48324K, committed 48680K, reserved 1091584K
  class space    used 6344K, capacity 6663K, committed 6696K, reserved 1048576K
Event: 4.756 GC heap after
Heap after GC invocations=9 (full 2):
 PSYoungGen      total 150528K, used 13284K [0x00000000e0000000, 0x00000000ed380000, 0x0000000100000000)
  eden space 137216K, 0% used [0x00000000e0000000,0x00000000e0000000,0x00000000e8600000)
  from space 13312K, 99% used [0x00000000e8600000,0x00000000e92f9198,0x00000000e9300000)
  to   space 16384K, 0% used [0x00000000ec380000,0x00000000ec380000,0x00000000ed380000)
 ParOldGen       total 184832K, used 20745K [0x00000000a0000000, 0x00000000ab480000, 0x00000000e0000000)
  object space 184832K, 11% used [0x00000000a0000000,0x00000000a1442678,0x00000000ab480000)
 Metaspace       used 47156K, capacity 48324K, committed 48680K, reserved 1091584K
  class space    used 6344K, capacity 6663K, committed 6696K, reserved 1048576K
}
Event: 6.087 GC heap before
{Heap before GC invocations=10 (full 2):
 PSYoungGen      total 150528K, used 150500K [0x00000000e0000000, 0x00000000ed380000, 0x0000000100000000)
  eden space 137216K, 100% used [0x00000000e0000000,0x00000000e8600000,0x00000000e8600000)
  from space 13312K, 99% used [0x00000000e8600000,0x00000000e92f9198,0x00000000e9300000)
  to   space 16384K, 0% used [0x00000000ec380000,0x00000000ec380000,0x00000000ed380000)
 ParOldGen       total 184832K, used 20745K [0x00000000a0000000, 0x00000000ab480000, 0x00000000e0000000)
  object space 184832K, 11% used [0x00000000a0000000,0x00000000a1442678,0x00000000ab480000)
 Metaspace       used 56539K, capacity 58034K, committed 58280K, reserved 1099776K
  class space    used 7713K, capacity 8093K, committed 8104K, reserved 1048576K
Event: 6.111 GC heap after
Heap after GC invocations=10 (full 2):
 PSYoungGen      total 195072K, used 16361K [0x00000000e0000000, 0x00000000edf80000, 0x0000000100000000)
  eden space 178688K, 0% used [0x00000000e0000000,0x00000000e0000000,0x00000000eae80000)
  from space 16384K, 99% used [0x00000000ec380000,0x00000000ed37a500,0x00000000ed380000)
  to   space 21504K, 0% used [0x00000000eae80000,0x00000000eae80000,0x00000000ec380000)
 ParOldGen       total 184832K, used 27452K [0x00000000a0000000, 0x00000000ab480000, 0x00000000e0000000)
  object space 184832K, 14% used [0x00000000a0000000,0x00000000a1acf0c0,0x00000000ab480000)
 Metaspace       used 56539K, capacity 58034K, committed 58280K, reserved 1099776K
  class space    used 7713K, capacity 8093K, committed 8104K, reserved 1048576K
}
Event: 6.633 GC heap before
{Heap before GC invocations=11 (full 2):
 PSYoungGen      total 195072K, used 40188K [0x00000000e0000000, 0x00000000edf80000, 0x0000000100000000)
  eden space 178688K, 13% used [0x00000000e0000000,0x00000000e1744ca8,0x00000000eae80000)
  from space 16384K, 99% used [0x00000000ec380000,0x00000000ed37a500,0x00000000ed380000)
  to   space 21504K, 0% used [0x00000000eae80000,0x00000000eae80000,0x00000000ec380000)
 ParOldGen       total 184832K, used 27452K [0x00000000a0000000, 0x00000000ab480000, 0x00000000e0000000)
  object space 184832K, 14% used [0x00000000a0000000,0x00000000a1acf0c0,0x00000000ab480000)
 Metaspace       used 57517K, capacity 59154K, committed 59160K, reserved 1099776K
  class space    used 7807K, capacity 8227K, committed 8232K, reserved 1048576K
Event: 6.648 GC heap after
Heap after GC invocations=11 (full 2):
 PSYoungGen      total 200192K, used 17607K [0x00000000e0000000, 0x00000000f0480000, 0x0000000100000000)
  eden space 178688K, 0% used [0x00000000e0000000,0x00000000e0000000,0x00000000eae80000)
  from space 21504K, 81% used [0x00000000eae80000,0x00000000ebfb1d38,0x00000000ec380000)
  to   space 22528K, 0% used [0x00000000eee80000,0x00000000eee80000,0x00000000f0480000)
 ParOldGen       total 184832K, used 27460K [0x00000000a0000000, 0x00000000ab480000, 0x00000000e0000000)
  object space 184832K, 14% used [0x00000000a0000000,0x00000000a1ad10c0,0x00000000ab480000)
 Metaspace       used 57517K, capacity 59154K, committed 59160K, reserved 1099776K
  class space    used 7807K, capacity 8227K, committed 8232K, reserved 1048576K
}
Event: 6.648 GC heap before
{Heap before GC invocations=12 (full 3):
 PSYoungGen      total 200192K, used 17607K [0x00000000e0000000, 0x00000000f0480000, 0x0000000100000000)
  eden space 178688K, 0% used [0x00000000e0000000,0x00000000e0000000,0x00000000eae80000)
  from space 21504K, 81% used [0x00000000eae80000,0x00000000ebfb1d38,0x00000000ec380000)
  to   space 22528K, 0% used [0x00000000eee80000,0x00000000eee80000,0x00000000f0480000)
 ParOldGen       total 184832K, used 27460K [0x00000000a0000000, 0x00000000ab480000, 0x00000000e0000000)
  object space 184832K, 14% used [0x00000000a0000000,0x00000000a1ad10c0,0x00000000ab480000)
 Metaspace       used 57517K, capacity 59154K, committed 59160K, reserved 1099776K
  class space    used 7807K, capacity 8227K, committed 8232K, reserved 1048576K
Event: 6.880 GC heap after
Heap after GC invocations=12 (full 3):
 PSYoungGen      total 200192K, used 0K [0x00000000e0000000, 0x00000000f0480000, 0x0000000100000000)
  eden space 178688K, 0% used [0x00000000e0000000,0x00000000e0000000,0x00000000eae80000)
  from space 21504K, 0% used [0x00000000eae80000,0x00000000eae80000,0x00000000ec380000)
  to   space 22528K, 0% used [0x00000000eee80000,0x00000000eee80000,0x00000000f0480000)
 ParOldGen       total 276480K, used 33071K [0x00000000a0000000, 0x00000000b0e00000, 0x00000000e0000000)
  object space 276480K, 11% used [0x00000000a0000000,0x00000000a204bee0,0x00000000b0e00000)
 Metaspace       used 57517K, capacity 59154K, committed 59160K, reserved 1099776K
  class space    used 7807K, capacity 8227K, committed 8232K, reserved 1048576K
}

