# JRE version: OpenJDK Runtime Environment (8.0_212-b04) (build 1.8.0_212-release-1586-b04)
# Java VM: OpenJDK 64-Bit Server VM (25.212-b04 mixed mode windows-amd64 compressed oops)
Heap:
 PSYoungGen      total 460288K, used 366167K [0x00000000e0000000, 0x00000000ff700000, 0x0000000100000000)
  eden space 408576K, 87% used [0x00000000e0000000,0x00000000f5bc1820,0x00000000f8f00000)
  from space 51712K, 19% used [0x00000000f8f00000,0x00000000f98d45a0,0x00000000fc180000)
  to   space 53248K, 0% used [0x00000000fc180000,0x00000000fc180000,0x00000000ff580000)
 ParOldGen       total 259072K, used 175562K [0x00000000a0000000, 0x00000000afd00000, 0x00000000e0000000)
  object space 259072K, 67% used [0x00000000a0000000,0x00000000aab72ad0,0x00000000afd00000)
 Metaspace       used 71591K, capacity 75682K, committed 75928K, reserved 1114112K
  class space    used 9787K, capacity 10561K, committed 10664K, reserved 1048576K
GC Heap History (10 events):
Event: 9.697 GC heap before
{Heap before GC invocations=20 (full 3):
 PSYoungGen      total 417792K, used 368416K [0x00000000e0000000, 0x00000000fdc80000, 0x0000000100000000)
  eden space 359936K, 100% used [0x00000000e0000000,0x00000000f5f80000,0x00000000f5f80000)
  from space 57856K, 14% used [0x00000000f9980000,0x00000000fa1c8070,0x00000000fd200000)
  to   space 59392K, 0% used [0x00000000f5f80000,0x00000000f5f80000,0x00000000f9980000)
 ParOldGen       total 259072K, used 141320K [0x00000000a0000000, 0x00000000afd00000, 0x00000000e0000000)
  object space 259072K, 54% used [0x00000000a0000000,0x00000000a8a02388,0x00000000afd00000)
 Metaspace       used 71074K, capacity 75182K, committed 75416K, reserved 1114112K
  class space    used 9783K, capacity 10559K, committed 10664K, reserved 1048576K
Event: 9.712 GC heap after
Heap after GC invocations=20 (full 3):
 PSYoungGen      total 419328K, used 8032K [0x00000000e0000000, 0x00000000fdc80000, 0x0000000100000000)
  eden space 359936K, 0% used [0x00000000e0000000,0x00000000e0000000,0x00000000f5f80000)
  from space 59392K, 13% used [0x00000000f5f80000,0x00000000f6758040,0x00000000f9980000)
  to   space 57856K, 0% used [0x00000000f9980000,0x00000000f9980000,0x00000000fd200000)
 ParOldGen       total 259072K, used 148453K [0x00000000a0000000, 0x00000000afd00000, 0x00000000e0000000)
  object space 259072K, 57% used [0x00000000a0000000,0x00000000a90f9670,0x00000000afd00000)
 Metaspace       used 71074K, capacity 75182K, committed 75416K, reserved 1114112K
  class space    used 9783K, capacity 10559K, committed 10664K, reserved 1048576K
}
Event: 10.018 GC heap before
{Heap before GC invocations=21 (full 3):
 PSYoungGen      total 419328K, used 367968K [0x00000000e0000000, 0x00000000fdc80000, 0x0000000100000000)
  eden space 359936K, 100% used [0x00000000e0000000,0x00000000f5f80000,0x00000000f5f80000)
  from space 59392K, 13% used [0x00000000f5f80000,0x00000000f6758040,0x00000000f9980000)
  to   space 57856K, 0% used [0x00000000f9980000,0x00000000f9980000,0x00000000fd200000)
 ParOldGen       total 259072K, used 148453K [0x00000000a0000000, 0x00000000afd00000, 0x00000000e0000000)
  object space 259072K, 57% used [0x00000000a0000000,0x00000000a90f9670,0x00000000afd00000)
 Metaspace       used 71110K, capacity 75250K, committed 75416K, reserved 1114112K
  class space    used 9783K, capacity 10559K, committed 10664K, reserved 1048576K
Event: 10.033 GC heap after
Heap after GC invocations=21 (full 3):
 PSYoungGen      total 417792K, used 9712K [0x00000000e0000000, 0x00000000fdc80000, 0x0000000100000000)
  eden space 359936K, 0% used [0x00000000e0000000,0x00000000e0000000,0x00000000f5f80000)
  from space 57856K, 16% used [0x00000000f9980000,0x00000000fa2fc080,0x00000000fd200000)
  to   space 59392K, 0% used [0x00000000f5f80000,0x00000000f5f80000,0x00000000f9980000)
 ParOldGen       total 259072K, used 154854K [0x00000000a0000000, 0x00000000afd00000, 0x00000000e0000000)
  object space 259072K, 59% used [0x00000000a0000000,0x00000000a9739958,0x00000000afd00000)
 Metaspace       used 71110K, capacity 75250K, committed 75416K, reserved 1114112K
  class space    used 9783K, capacity 10559K, committed 10664K, reserved 1048576K
}
Event: 10.332 GC heap before
{Heap before GC invocations=22 (full 3):
 PSYoungGen      total 417792K, used 369648K [0x00000000e0000000, 0x00000000fdc80000, 0x0000000100000000)
  eden space 359936K, 100% used [0x00000000e0000000,0x00000000f5f80000,0x00000000f5f80000)
  from space 57856K, 16% used [0x00000000f9980000,0x00000000fa2fc080,0x00000000fd200000)
  to   space 59392K, 0% used [0x00000000f5f80000,0x00000000f5f80000,0x00000000f9980000)
 ParOldGen       total 259072K, used 154854K [0x00000000a0000000, 0x00000000afd00000, 0x00000000e0000000)
  object space 259072K, 59% used [0x00000000a0000000,0x00000000a9739958,0x00000000afd00000)
 Metaspace       used 71263K, capacity 75404K, committed 75672K, reserved 1114112K
  class space    used 9784K, capacity 10560K, committed 10664K, reserved 1048576K
Event: 10.347 GC heap after
Heap after GC invocations=22 (full 3):
 PSYoungGen      total 419328K, used 8448K [0x00000000e0000000, 0x00000000ff580000, 0x0000000100000000)
  eden space 359936K, 0% used [0x00000000e0000000,0x00000000e0000000,0x00000000f5f80000)
  from space 59392K, 14% used [0x00000000f5f80000,0x00000000f67c0050,0x00000000f9980000)
  to   space 53248K, 0% used [0x00000000fc180000,0x00000000fc180000,0x00000000ff580000)
 ParOldGen       total 259072K, used 162010K [0x00000000a0000000, 0x00000000afd00000, 0x00000000e0000000)
  object space 259072K, 62% used [0x00000000a0000000,0x00000000a9e369a8,0x00000000afd00000)
 Metaspace       used 71263K, capacity 75404K, committed 75672K, reserved 1114112K
  class space    used 9784K, capacity 10560K, committed 10664K, reserved 1048576K
}
Event: 10.630 GC heap before
{Heap before GC invocations=23 (full 3):
 PSYoungGen      total 419328K, used 368384K [0x00000000e0000000, 0x00000000ff580000, 0x0000000100000000)
  eden space 359936K, 100% used [0x00000000e0000000,0x00000000f5f80000,0x00000000f5f80000)
  from space 59392K, 14% used [0x00000000f5f80000,0x00000000f67c0050,0x00000000f9980000)
  to   space 53248K, 0% used [0x00000000fc180000,0x00000000fc180000,0x00000000ff580000)
 ParOldGen       total 259072K, used 162010K [0x00000000a0000000, 0x00000000afd00000, 0x00000000e0000000)
  object space 259072K, 62% used [0x00000000a0000000,0x00000000a9e369a8,0x00000000afd00000)
 Metaspace       used 71366K, capacity 75472K, committed 75672K, reserved 1114112K
  class space    used 9786K, capacity 10560K, committed 10664K, reserved 1048576K
Event: 10.643 GC heap after
Heap after GC invocations=23 (full 3):
 PSYoungGen      total 461824K, used 8640K [0x00000000e0000000, 0x00000000ff700000, 0x0000000100000000)
  eden space 408576K, 0% used [0x00000000e0000000,0x00000000e0000000,0x00000000f8f00000)
  from space 53248K, 16% used [0x00000000fc180000,0x00000000fc9f0050,0x00000000ff580000)
  to   space 51712K, 0% used [0x00000000f8f00000,0x00000000f8f00000,0x00000000fc180000)
 ParOldGen       total 259072K, used 168574K [0x00000000a0000000, 0x00000000afd00000, 0x00000000e0000000)
  object space 259072K, 65% used [0x00000000a0000000,0x00000000aa49fa40,0x00000000afd00000)
 Metaspace       used 71366K, capacity 75472K, committed 75672K, reserved 1114112K
  class space    used 9786K, capacity 10560K, committed 10664K, reserved 1048576K
}
Event: 10.945 GC heap before
{Heap before GC invocations=24 (full 3):
 PSYoungGen      total 461824K, used 417216K [0x00000000e0000000, 0x00000000ff700000, 0x0000000100000000)
  eden space 408576K, 100% used [0x00000000e0000000,0x00000000f8f00000,0x00000000f8f00000)
  from space 53248K, 16% used [0x00000000fc180000,0x00000000fc9f0050,0x00000000ff580000)
  to   space 51712K, 0% used [0x00000000f8f00000,0x00000000f8f00000,0x00000000fc180000)
 ParOldGen       total 259072K, used 168574K [0x00000000a0000000, 0x00000000afd00000, 0x00000000e0000000)
  object space 259072K, 65% used [0x00000000a0000000,0x00000000aa49fa40,0x00000000afd00000)
 Metaspace       used 71558K, capacity 75682K, committed 75928K, reserved 1114112K
  class space    used 9787K, capacity 10561K, committed 10664K, reserved 1048576K
Event: 10.963 GC heap after
Heap after GC invocations=24 (full 3):
 PSYoungGen      total 460288K, used 10065K [0x00000000e0000000, 0x00000000ff700000, 0x0000000100000000)
  eden space 408576K, 0% used [0x00000000e0000000,0x00000000e0000000,0x00000000f8f00000)
  from space 51712K, 19% used [0x00000000f8f00000,0x00000000f98d45a0,0x00000000fc180000)
  to   space 53248K, 0% used [0x00000000fc180000,0x00000000fc180000,0x00000000ff580000)
 ParOldGen       total 259072K, used 175562K [0x00000000a0000000, 0x00000000afd00000, 0x00000000e0000000)
  object space 259072K, 67% used [0x00000000a0000000,0x00000000aab72ad0,0x00000000afd00000)
 Metaspace       used 71558K, capacity 75682K, committed 75928K, reserved 1114112K
  class space    used 9787K, capacity 10561K, committed 10664K, reserved 1048576K
}

