# JRE version: OpenJDK Runtime Environment (8.0_212-b04) (build 1.8.0_212-release-1586-b04)
# Java VM: OpenJDK 64-Bit Server VM (25.212-b04 mixed mode windows-amd64 compressed oops)
Heap:
 PSYoungGen      total 235008K, used 86704K [0x00000000e0000000, 0x00000000f4500000, 0x0000000100000000)
  eden space 180736K, 42% used [0x00000000e0000000,0x00000000e4b4fff8,0x00000000eb080000)
  from space 54272K, 17% used [0x00000000eb080000,0x00000000eb9dc070,0x00000000ee580000)
  to   space 53760K, 0% used [0x00000000f1080000,0x00000000f1080000,0x00000000f4500000)
 ParOldGen       total 288256K, used 127378K [0x00000000a0000000, 0x00000000b1980000, 0x00000000e0000000)
  object space 288256K, 44% used [0x00000000a0000000,0x00000000a7c64910,0x00000000b1980000)
 Metaspace       used 70149K, capacity 74118K, committed 74280K, reserved 1114112K
  class space    used 9743K, capacity 10495K, committed 10536K, reserved 1048576K
GC Heap History (10 events):
Event: 8.080 GC heap before
{Heap before GC invocations=16 (full 3):
 PSYoungGen      total 165376K, used 165371K [0x00000000e0000000, 0x00000000eef80000, 0x0000000100000000)
  eden space 143360K, 100% used [0x00000000e0000000,0x00000000e8c00000,0x00000000e8c00000)
  from space 22016K, 99% used [0x00000000eaf00000,0x00000000ec47efb8,0x00000000ec480000)
  to   space 35840K, 0% used [0x00000000e8c00000,0x00000000e8c00000,0x00000000eaf00000)
 ParOldGen       total 288256K, used 67513K [0x00000000a0000000, 0x00000000b1980000, 0x00000000e0000000)
  object space 288256K, 23% used [0x00000000a0000000,0x00000000a41ee6c0,0x00000000b1980000)
 Metaspace       used 67705K, capacity 71222K, committed 71336K, reserved 1110016K
  class space    used 9399K, capacity 10085K, committed 10152K, reserved 1048576K
Event: 8.112 GC heap after
Heap after GC invocations=16 (full 3):
 PSYoungGen      total 179200K, used 35827K [0x00000000e0000000, 0x00000000f1300000, 0x0000000100000000)
  eden space 143360K, 0% used [0x00000000e0000000,0x00000000e0000000,0x00000000e8c00000)
  from space 35840K, 99% used [0x00000000e8c00000,0x00000000eaefcdb8,0x00000000eaf00000)
  to   space 46592K, 0% used [0x00000000ee580000,0x00000000ee580000,0x00000000f1300000)
 ParOldGen       total 288256K, used 82557K [0x00000000a0000000, 0x00000000b1980000, 0x00000000e0000000)
  object space 288256K, 28% used [0x00000000a0000000,0x00000000a509f510,0x00000000b1980000)
 Metaspace       used 67705K, capacity 71222K, committed 71336K, reserved 1110016K
  class space    used 9399K, capacity 10085K, committed 10152K, reserved 1048576K
}
Event: 8.369 GC heap before
{Heap before GC invocations=17 (full 3):
 PSYoungGen      total 179200K, used 179187K [0x00000000e0000000, 0x00000000f1300000, 0x0000000100000000)
  eden space 143360K, 100% used [0x00000000e0000000,0x00000000e8c00000,0x00000000e8c00000)
  from space 35840K, 99% used [0x00000000e8c00000,0x00000000eaefcdb8,0x00000000eaf00000)
  to   space 46592K, 0% used [0x00000000ee580000,0x00000000ee580000,0x00000000f1300000)
 ParOldGen       total 288256K, used 82557K [0x00000000a0000000, 0x00000000b1980000, 0x00000000e0000000)
  object space 288256K, 28% used [0x00000000a0000000,0x00000000a509f510,0x00000000b1980000)
 Metaspace       used 68838K, capacity 72458K, committed 72488K, reserved 1112064K
  class space    used 9585K, capacity 10269K, committed 10280K, reserved 1048576K
Event: 8.400 GC heap after
Heap after GC invocations=17 (full 3):
 PSYoungGen      total 227328K, used 46582K [0x00000000e0000000, 0x00000000f2780000, 0x0000000100000000)
  eden space 180736K, 0% used [0x00000000e0000000,0x00000000e0000000,0x00000000eb080000)
  from space 46592K, 99% used [0x00000000ee580000,0x00000000f12fda58,0x00000000f1300000)
  to   space 54272K, 0% used [0x00000000eb080000,0x00000000eb080000,0x00000000ee580000)
 ParOldGen       total 288256K, used 83211K [0x00000000a0000000, 0x00000000b1980000, 0x00000000e0000000)
  object space 288256K, 28% used [0x00000000a0000000,0x00000000a5142cd0,0x00000000b1980000)
 Metaspace       used 68838K, capacity 72458K, committed 72488K, reserved 1112064K
  class space    used 9585K, capacity 10269K, committed 10280K, reserved 1048576K
}
Event: 8.670 GC heap before
{Heap before GC invocations=18 (full 3):
 PSYoungGen      total 227328K, used 227318K [0x00000000e0000000, 0x00000000f2780000, 0x0000000100000000)
  eden space 180736K, 100% used [0x00000000e0000000,0x00000000eb080000,0x00000000eb080000)
  from space 46592K, 99% used [0x00000000ee580000,0x00000000f12fda58,0x00000000f1300000)
  to   space 54272K, 0% used [0x00000000eb080000,0x00000000eb080000,0x00000000ee580000)
 ParOldGen       total 288256K, used 83211K [0x00000000a0000000, 0x00000000b1980000, 0x00000000e0000000)
  object space 288256K, 28% used [0x00000000a0000000,0x00000000a5142cd0,0x00000000b1980000)
 Metaspace       used 69820K, capacity 73822K, committed 74024K, reserved 1112064K
  class space    used 9733K, capacity 10487K, committed 10536K, reserved 1048576K
Event: 8.701 GC heap after
Heap after GC invocations=18 (full 3):
 PSYoungGen      total 235008K, used 37764K [0x00000000e0000000, 0x00000000f2780000, 0x0000000100000000)
  eden space 180736K, 0% used [0x00000000e0000000,0x00000000e0000000,0x00000000eb080000)
  from space 54272K, 69% used [0x00000000eb080000,0x00000000ed5611f8,0x00000000ee580000)
  to   space 46592K, 0% used [0x00000000ee580000,0x00000000ee580000,0x00000000f1300000)
 ParOldGen       total 288256K, used 95119K [0x00000000a0000000, 0x00000000b1980000, 0x00000000e0000000)
  object space 288256K, 32% used [0x00000000a0000000,0x00000000a5ce3d40,0x00000000b1980000)
 Metaspace       used 69820K, capacity 73822K, committed 74024K, reserved 1112064K
  class space    used 9733K, capacity 10487K, committed 10536K, reserved 1048576K
}
Event: 8.933 GC heap before
{Heap before GC invocations=19 (full 3):
 PSYoungGen      total 235008K, used 218500K [0x00000000e0000000, 0x00000000f2780000, 0x0000000100000000)
  eden space 180736K, 100% used [0x00000000e0000000,0x00000000eb080000,0x00000000eb080000)
  from space 54272K, 69% used [0x00000000eb080000,0x00000000ed5611f8,0x00000000ee580000)
  to   space 46592K, 0% used [0x00000000ee580000,0x00000000ee580000,0x00000000f1300000)
 ParOldGen       total 288256K, used 95119K [0x00000000a0000000, 0x00000000b1980000, 0x00000000e0000000)
  object space 288256K, 32% used [0x00000000a0000000,0x00000000a5ce3d40,0x00000000b1980000)
 Metaspace       used 70025K, capacity 73980K, committed 74024K, reserved 1112064K
  class space    used 9741K, capacity 10492K, committed 10536K, reserved 1048576K
Event: 8.955 GC heap after
Heap after GC invocations=19 (full 3):
 PSYoungGen      total 227328K, used 17481K [0x00000000e0000000, 0x00000000f2780000, 0x0000000100000000)
  eden space 180736K, 0% used [0x00000000e0000000,0x00000000e0000000,0x00000000eb080000)
  from space 46592K, 37% used [0x00000000ee580000,0x00000000ef692768,0x00000000f1300000)
  to   space 54272K, 0% used [0x00000000eb080000,0x00000000eb080000,0x00000000ee580000)
 ParOldGen       total 288256K, used 118404K [0x00000000a0000000, 0x00000000b1980000, 0x00000000e0000000)
  object space 288256K, 41% used [0x00000000a0000000,0x00000000a73a1220,0x00000000b1980000)
 Metaspace       used 70025K, capacity 73980K, committed 74024K, reserved 1112064K
  class space    used 9741K, capacity 10492K, committed 10536K, reserved 1048576K
}
Event: 9.160 GC heap before
{Heap before GC invocations=20 (full 3):
 PSYoungGen      total 227328K, used 198217K [0x00000000e0000000, 0x00000000f2780000, 0x0000000100000000)
  eden space 180736K, 100% used [0x00000000e0000000,0x00000000eb080000,0x00000000eb080000)
  from space 46592K, 37% used [0x00000000ee580000,0x00000000ef692768,0x00000000f1300000)
  to   space 54272K, 0% used [0x00000000eb080000,0x00000000eb080000,0x00000000ee580000)
 ParOldGen       total 288256K, used 118404K [0x00000000a0000000, 0x00000000b1980000, 0x00000000e0000000)
  object space 288256K, 41% used [0x00000000a0000000,0x00000000a73a1220,0x00000000b1980000)
 Metaspace       used 70147K, capacity 74118K, committed 74280K, reserved 1114112K
  class space    used 9743K, capacity 10495K, committed 10536K, reserved 1048576K
Event: 9.173 GC heap after
Heap after GC invocations=20 (full 3):
 PSYoungGen      total 235008K, used 9584K [0x00000000e0000000, 0x00000000f4500000, 0x0000000100000000)
  eden space 180736K, 0% used [0x00000000e0000000,0x00000000e0000000,0x00000000eb080000)
  from space 54272K, 17% used [0x00000000eb080000,0x00000000eb9dc070,0x00000000ee580000)
  to   space 53760K, 0% used [0x00000000f1080000,0x00000000f1080000,0x00000000f4500000)
 ParOldGen       total 288256K, used 127378K [0x00000000a0000000, 0x00000000b1980000, 0x00000000e0000000)
  object space 288256K, 44% used [0x00000000a0000000,0x00000000a7c64910,0x00000000b1980000)
 Metaspace       used 70147K, capacity 74118K, committed 74280K, reserved 1114112K
  class space    used 9743K, capacity 10495K, committed 10536K, reserved 1048576K
}

