# JRE version: OpenJDK Runtime Environment (8.0_212-b04) (build 1.8.0_212-release-1586-b04)
# Java VM: OpenJDK 64-Bit Server VM (25.212-b04 mixed mode windows-amd64 compressed oops)
Heap:
 PSYoungGen      total 478720K, used 53374K [0x00000000e0000000, 0x00000000ffc80000, 0x0000000100000000)
  eden space 436736K, 9% used [0x00000000e0000000,0x00000000e2a83200,0x00000000faa80000)
  from space 41984K, 23% used [0x00000000faa80000,0x00000000fb41c6a8,0x00000000fd380000)
  to   space 40448K, 0% used [0x00000000fd500000,0x00000000fd500000,0x00000000ffc80000)
 ParOldGen       total 284672K, used 157599K [0x00000000a0000000, 0x00000000b1600000, 0x00000000e0000000)
  object space 284672K, 55% used [0x00000000a0000000,0x00000000a99e7dd0,0x00000000b1600000)
 Metaspace       used 78437K, capacity 82670K, committed 82712K, reserved 1120256K
  class space    used 10469K, capacity 11273K, committed 11304K, reserved 1048576K
GC Heap History (10 events):
Event: 24.376 GC heap before
{Heap before GC invocations=31 (full 4):
 PSYoungGen      total 471040K, used 452768K [0x00000000e0000000, 0x00000000ffa80000, 0x0000000100000000)
  eden space 427520K, 100% used [0x00000000e0000000,0x00000000fa180000,0x00000000fa180000)
  from space 43520K, 58% used [0x00000000fd000000,0x00000000fe8a8290,0x00000000ffa80000)
  to   space 45568K, 0% used [0x00000000fa180000,0x00000000fa180000,0x00000000fce00000)
 ParOldGen       total 284672K, used 96798K [0x00000000a0000000, 0x00000000b1600000, 0x00000000e0000000)
  object space 284672K, 34% used [0x00000000a0000000,0x00000000a5e87ae8,0x00000000b1600000)
 Metaspace       used 78286K, capacity 82524K, committed 82712K, reserved 1120256K
  class space    used 10466K, capacity 11270K, committed 11304K, reserved 1048576K
Event: 24.400 GC heap after
Heap after GC invocations=31 (full 4):
 PSYoungGen      total 473088K, used 22585K [0x00000000e0000000, 0x00000000fff00000, 0x0000000100000000)
  eden space 427520K, 0% used [0x00000000e0000000,0x00000000e0000000,0x00000000fa180000)
  from space 45568K, 49% used [0x00000000fa180000,0x00000000fb78e6c0,0x00000000fce00000)
  to   space 44032K, 0% used [0x00000000fd400000,0x00000000fd400000,0x00000000fff00000)
 ParOldGen       total 284672K, used 105362K [0x00000000a0000000, 0x00000000b1600000, 0x00000000e0000000)
  object space 284672K, 37% used [0x00000000a0000000,0x00000000a66e4ba0,0x00000000b1600000)
 Metaspace       used 78286K, capacity 82524K, committed 82712K, reserved 1120256K
  class space    used 10466K, capacity 11270K, committed 11304K, reserved 1048576K
}
Event: 24.679 GC heap before
{Heap before GC invocations=32 (full 4):
 PSYoungGen      total 473088K, used 450105K [0x00000000e0000000, 0x00000000fff00000, 0x0000000100000000)
  eden space 427520K, 100% used [0x00000000e0000000,0x00000000fa180000,0x00000000fa180000)
  from space 45568K, 49% used [0x00000000fa180000,0x00000000fb78e6c0,0x00000000fce00000)
  to   space 44032K, 0% used [0x00000000fd400000,0x00000000fd400000,0x00000000fff00000)
 ParOldGen       total 284672K, used 105362K [0x00000000a0000000, 0x00000000b1600000, 0x00000000e0000000)
  object space 284672K, 37% used [0x00000000a0000000,0x00000000a66e4ba0,0x00000000b1600000)
 Metaspace       used 78314K, capacity 82524K, committed 82712K, reserved 1120256K
  class space    used 10466K, capacity 11270K, committed 11304K, reserved 1048576K
Event: 24.699 GC heap after
Heap after GC invocations=32 (full 4):
 PSYoungGen      total 478208K, used 10956K [0x00000000e0000000, 0x00000000ffe80000, 0x0000000100000000)
  eden space 434688K, 0% used [0x00000000e0000000,0x00000000e0000000,0x00000000fa880000)
  from space 43520K, 25% used [0x00000000fd400000,0x00000000fdeb33c0,0x00000000ffe80000)
  to   space 44032K, 0% used [0x00000000fa880000,0x00000000fa880000,0x00000000fd380000)
 ParOldGen       total 284672K, used 121305K [0x00000000a0000000, 0x00000000b1600000, 0x00000000e0000000)
  object space 284672K, 42% used [0x00000000a0000000,0x00000000a76764b0,0x00000000b1600000)
 Metaspace       used 78314K, capacity 82524K, committed 82712K, reserved 1120256K
  class space    used 10466K, capacity 11270K, committed 11304K, reserved 1048576K
}
Event: 25.022 GC heap before
{Heap before GC invocations=33 (full 4):
 PSYoungGen      total 478208K, used 445644K [0x00000000e0000000, 0x00000000ffe80000, 0x0000000100000000)
  eden space 434688K, 100% used [0x00000000e0000000,0x00000000fa880000,0x00000000fa880000)
  from space 43520K, 25% used [0x00000000fd400000,0x00000000fdeb33c0,0x00000000ffe80000)
  to   space 44032K, 0% used [0x00000000fa880000,0x00000000fa880000,0x00000000fd380000)
 ParOldGen       total 284672K, used 121305K [0x00000000a0000000, 0x00000000b1600000, 0x00000000e0000000)
  object space 284672K, 42% used [0x00000000a0000000,0x00000000a76764b0,0x00000000b1600000)
 Metaspace       used 78368K, capacity 82592K, committed 82712K, reserved 1120256K
  class space    used 10466K, capacity 11270K, committed 11304K, reserved 1048576K
Event: 25.043 GC heap after
Heap after GC invocations=33 (full 4):
 PSYoungGen      total 478720K, used 15307K [0x00000000e0000000, 0x00000000fff80000, 0x0000000100000000)
  eden space 434688K, 0% used [0x00000000e0000000,0x00000000e0000000,0x00000000fa880000)
  from space 44032K, 34% used [0x00000000fa880000,0x00000000fb772d38,0x00000000fd380000)
  to   space 43520K, 0% used [0x00000000fd500000,0x00000000fd500000,0x00000000fff80000)
 ParOldGen       total 284672K, used 129544K [0x00000000a0000000, 0x00000000b1600000, 0x00000000e0000000)
  object space 284672K, 45% used [0x00000000a0000000,0x00000000a7e822d0,0x00000000b1600000)
 Metaspace       used 78368K, capacity 82592K, committed 82712K, reserved 1120256K
  class space    used 10466K, capacity 11270K, committed 11304K, reserved 1048576K
}
Event: 25.367 GC heap before
{Heap before GC invocations=34 (full 4):
 PSYoungGen      total 478720K, used 449995K [0x00000000e0000000, 0x00000000fff80000, 0x0000000100000000)
  eden space 434688K, 100% used [0x00000000e0000000,0x00000000fa880000,0x00000000fa880000)
  from space 44032K, 34% used [0x00000000fa880000,0x00000000fb772d38,0x00000000fd380000)
  to   space 43520K, 0% used [0x00000000fd500000,0x00000000fd500000,0x00000000fff80000)
 ParOldGen       total 284672K, used 129544K [0x00000000a0000000, 0x00000000b1600000, 0x00000000e0000000)
  object space 284672K, 45% used [0x00000000a0000000,0x00000000a7e822d0,0x00000000b1600000)
 Metaspace       used 78403K, capacity 82670K, committed 82712K, reserved 1120256K
  class space    used 10468K, capacity 11273K, committed 11304K, reserved 1048576K
Event: 25.387 GC heap after
Heap after GC invocations=34 (full 4):
 PSYoungGen      total 477184K, used 17945K [0x00000000e0000000, 0x00000000ffc80000, 0x0000000100000000)
  eden space 436736K, 0% used [0x00000000e0000000,0x00000000e0000000,0x00000000faa80000)
  from space 40448K, 44% used [0x00000000fd500000,0x00000000fe686430,0x00000000ffc80000)
  to   space 41984K, 0% used [0x00000000faa80000,0x00000000faa80000,0x00000000fd380000)
 ParOldGen       total 284672K, used 142235K [0x00000000a0000000, 0x00000000b1600000, 0x00000000e0000000)
  object space 284672K, 49% used [0x00000000a0000000,0x00000000a8ae6fd0,0x00000000b1600000)
 Metaspace       used 78403K, capacity 82670K, committed 82712K, reserved 1120256K
  class space    used 10468K, capacity 11273K, committed 11304K, reserved 1048576K
}
Event: 25.764 GC heap before
{Heap before GC invocations=35 (full 4):
 PSYoungGen      total 477184K, used 454681K [0x00000000e0000000, 0x00000000ffc80000, 0x0000000100000000)
  eden space 436736K, 100% used [0x00000000e0000000,0x00000000faa80000,0x00000000faa80000)
  from space 40448K, 44% used [0x00000000fd500000,0x00000000fe686430,0x00000000ffc80000)
  to   space 41984K, 0% used [0x00000000faa80000,0x00000000faa80000,0x00000000fd380000)
 ParOldGen       total 284672K, used 142784K [0x00000000a0000000, 0x00000000b1600000, 0x00000000e0000000)
  object space 284672K, 50% used [0x00000000a0000000,0x00000000a8b70208,0x00000000b1600000)
 Metaspace       used 78430K, capacity 82670K, committed 82712K, reserved 1120256K
  class space    used 10468K, capacity 11273K, committed 11304K, reserved 1048576K
Event: 25.780 GC heap after
Heap after GC invocations=35 (full 4):
 PSYoungGen      total 478720K, used 9841K [0x00000000e0000000, 0x00000000ffc80000, 0x0000000100000000)
  eden space 436736K, 0% used [0x00000000e0000000,0x00000000e0000000,0x00000000faa80000)
  from space 41984K, 23% used [0x00000000faa80000,0x00000000fb41c6a8,0x00000000fd380000)
  to   space 40448K, 0% used [0x00000000fd500000,0x00000000fd500000,0x00000000ffc80000)
 ParOldGen       total 284672K, used 157599K [0x00000000a0000000, 0x00000000b1600000, 0x00000000e0000000)
  object space 284672K, 55% used [0x00000000a0000000,0x00000000a99e7dd0,0x00000000b1600000)
 Metaspace       used 78430K, capacity 82670K, committed 82712K, reserved 1120256K
  class space    used 10468K, capacity 11273K, committed 11304K, reserved 1048576K
}

