# JRE version: OpenJDK Runtime Environment (8.0_212-b04) (build 1.8.0_212-release-1586-b04)
# Java VM: OpenJDK 64-Bit Server VM (25.212-b04 mixed mode windows-amd64 compressed oops)
Heap:
 PSYoungGen      total 445440K, used 15540K [0x00000000e0000000, 0x00000000fe580000, 0x0000000100000000)
  eden space 396288K, 1% used [0x00000000e0000000,0x00000000e058d028,0x00000000f8300000)
  from space 49152K, 20% used [0x00000000f8300000,0x00000000f8ca0060,0x00000000fb300000)
  to   space 49152K, 0% used [0x00000000fb300000,0x00000000fb300000,0x00000000fe300000)
 ParOldGen       total 257536K, used 145130K [0x00000000a0000000, 0x00000000afb80000, 0x00000000e0000000)
  object space 257536K, 56% used [0x00000000a0000000,0x00000000a8dba858,0x00000000afb80000)
 Metaspace       used 70111K, capacity 73760K, committed 73880K, reserved 1112064K
  class space    used 9668K, capacity 10362K, committed 10408K, reserved 1048576K
GC Heap History (10 events):
Event: 9.130 GC heap before
{Heap before GC invocations=14 (full 3):
 PSYoungGen      total 256512K, used 256507K [0x00000000e0000000, 0x00000000f5980000, 0x0000000100000000)
  eden space 232960K, 100% used [0x00000000e0000000,0x00000000ee380000,0x00000000ee380000)
  from space 23552K, 99% used [0x00000000f0c00000,0x00000000f22fee28,0x00000000f2300000)
  to   space 41472K, 0% used [0x00000000ee380000,0x00000000ee380000,0x00000000f0c00000)
 ParOldGen       total 257536K, used 78379K [0x00000000a0000000, 0x00000000afb80000, 0x00000000e0000000)
  object space 257536K, 30% used [0x00000000a0000000,0x00000000a4c8add8,0x00000000afb80000)
 Metaspace       used 68455K, capacity 71708K, committed 71832K, reserved 1112064K
  class space    used 9469K, capacity 10106K, committed 10152K, reserved 1048576K
Event: 9.174 GC heap after
Heap after GC invocations=14 (full 3):
 PSYoungGen      total 274432K, used 41442K [0x00000000e0000000, 0x00000000f8680000, 0x0000000100000000)
  eden space 232960K, 0% used [0x00000000e0000000,0x00000000e0000000,0x00000000ee380000)
  from space 41472K, 99% used [0x00000000ee380000,0x00000000f0bf8b40,0x00000000f0c00000)
  to   space 51200K, 0% used [0x00000000f5480000,0x00000000f5480000,0x00000000f8680000)
 ParOldGen       total 257536K, used 87626K [0x00000000a0000000, 0x00000000afb80000, 0x00000000e0000000)
  object space 257536K, 34% used [0x00000000a0000000,0x00000000a5592888,0x00000000afb80000)
 Metaspace       used 68455K, capacity 71708K, committed 71832K, reserved 1112064K
  class space    used 9469K, capacity 10106K, committed 10152K, reserved 1048576K
}
Event: 9.586 GC heap before
{Heap before GC invocations=15 (full 3):
 PSYoungGen      total 274432K, used 274402K [0x00000000e0000000, 0x00000000f8680000, 0x0000000100000000)
  eden space 232960K, 100% used [0x00000000e0000000,0x00000000ee380000,0x00000000ee380000)
  from space 41472K, 99% used [0x00000000ee380000,0x00000000f0bf8b40,0x00000000f0c00000)
  to   space 51200K, 0% used [0x00000000f5480000,0x00000000f5480000,0x00000000f8680000)
 ParOldGen       total 257536K, used 87626K [0x00000000a0000000, 0x00000000afb80000, 0x00000000e0000000)
  object space 257536K, 34% used [0x00000000a0000000,0x00000000a5592888,0x00000000afb80000)
 Metaspace       used 69219K, capacity 72580K, committed 72728K, reserved 1112064K
  class space    used 9575K, capacity 10236K, committed 10280K, reserved 1048576K
Event: 9.618 GC heap after
Heap after GC invocations=15 (full 3):
 PSYoungGen      total 348672K, used 29658K [0x00000000e0000000, 0x00000000f8d00000, 0x0000000100000000)
  eden space 297472K, 0% used [0x00000000e0000000,0x00000000e0000000,0x00000000f2280000)
  from space 51200K, 57% used [0x00000000f5480000,0x00000000f7176b58,0x00000000f8680000)
  to   space 51200K, 0% used [0x00000000f2280000,0x00000000f2280000,0x00000000f5480000)
 ParOldGen       total 257536K, used 106776K [0x00000000a0000000, 0x00000000afb80000, 0x00000000e0000000)
  object space 257536K, 41% used [0x00000000a0000000,0x00000000a6846228,0x00000000afb80000)
 Metaspace       used 69219K, capacity 72580K, committed 72728K, reserved 1112064K
  class space    used 9575K, capacity 10236K, committed 10280K, reserved 1048576K
}
Event: 9.986 GC heap before
{Heap before GC invocations=16 (full 3):
 PSYoungGen      total 348672K, used 327130K [0x00000000e0000000, 0x00000000f8d00000, 0x0000000100000000)
  eden space 297472K, 100% used [0x00000000e0000000,0x00000000f2280000,0x00000000f2280000)
  from space 51200K, 57% used [0x00000000f5480000,0x00000000f7176b58,0x00000000f8680000)
  to   space 51200K, 0% used [0x00000000f2280000,0x00000000f2280000,0x00000000f5480000)
 ParOldGen       total 257536K, used 106776K [0x00000000a0000000, 0x00000000afb80000, 0x00000000e0000000)
  object space 257536K, 41% used [0x00000000a0000000,0x00000000a6846228,0x00000000afb80000)
 Metaspace       used 69835K, capacity 73496K, committed 73624K, reserved 1112064K
  class space    used 9667K, capacity 10362K, committed 10408K, reserved 1048576K
Event: 10.018 GC heap after
Heap after GC invocations=16 (full 3):
 PSYoungGen      total 348672K, used 17196K [0x00000000e0000000, 0x00000000fe300000, 0x0000000100000000)
  eden space 297472K, 0% used [0x00000000e0000000,0x00000000e0000000,0x00000000f2280000)
  from space 51200K, 33% used [0x00000000f2280000,0x00000000f334b1d8,0x00000000f5480000)
  to   space 49152K, 0% used [0x00000000fb300000,0x00000000fb300000,0x00000000fe300000)
 ParOldGen       total 257536K, used 127483K [0x00000000a0000000, 0x00000000afb80000, 0x00000000e0000000)
  object space 257536K, 49% used [0x00000000a0000000,0x00000000a7c7ef00,0x00000000afb80000)
 Metaspace       used 69835K, capacity 73496K, committed 73624K, reserved 1112064K
  class space    used 9667K, capacity 10362K, committed 10408K, reserved 1048576K
}
Event: 10.350 GC heap before
{Heap before GC invocations=17 (full 3):
 PSYoungGen      total 348672K, used 314668K [0x00000000e0000000, 0x00000000fe300000, 0x0000000100000000)
  eden space 297472K, 100% used [0x00000000e0000000,0x00000000f2280000,0x00000000f2280000)
  from space 51200K, 33% used [0x00000000f2280000,0x00000000f334b1d8,0x00000000f5480000)
  to   space 49152K, 0% used [0x00000000fb300000,0x00000000fb300000,0x00000000fe300000)
 ParOldGen       total 257536K, used 127483K [0x00000000a0000000, 0x00000000afb80000, 0x00000000e0000000)
  object space 257536K, 49% used [0x00000000a0000000,0x00000000a7c7ef00,0x00000000afb80000)
 Metaspace       used 69991K, capacity 73628K, committed 73880K, reserved 1112064K
  class space    used 9667K, capacity 10362K, committed 10408K, reserved 1048576K
Event: 10.373 GC heap after
Heap after GC invocations=17 (full 3):
 PSYoungGen      total 445440K, used 6752K [0x00000000e0000000, 0x00000000fe580000, 0x0000000100000000)
  eden space 396288K, 0% used [0x00000000e0000000,0x00000000e0000000,0x00000000f8300000)
  from space 49152K, 13% used [0x00000000fb300000,0x00000000fb998060,0x00000000fe300000)
  to   space 49152K, 0% used [0x00000000f8300000,0x00000000f8300000,0x00000000fb300000)
 ParOldGen       total 257536K, used 140495K [0x00000000a0000000, 0x00000000afb80000, 0x00000000e0000000)
  object space 257536K, 54% used [0x00000000a0000000,0x00000000a8933f68,0x00000000afb80000)
 Metaspace       used 69991K, capacity 73628K, committed 73880K, reserved 1112064K
  class space    used 9667K, capacity 10362K, committed 10408K, reserved 1048576K
}
Event: 10.875 GC heap before
{Heap before GC invocations=18 (full 3):
 PSYoungGen      total 445440K, used 403040K [0x00000000e0000000, 0x00000000fe580000, 0x0000000100000000)
  eden space 396288K, 100% used [0x00000000e0000000,0x00000000f8300000,0x00000000f8300000)
  from space 49152K, 13% used [0x00000000fb300000,0x00000000fb998060,0x00000000fe300000)
  to   space 49152K, 0% used [0x00000000f8300000,0x00000000f8300000,0x00000000fb300000)
 ParOldGen       total 257536K, used 140495K [0x00000000a0000000, 0x00000000afb80000, 0x00000000e0000000)
  object space 257536K, 54% used [0x00000000a0000000,0x00000000a8933f68,0x00000000afb80000)
 Metaspace       used 70111K, capacity 73760K, committed 73880K, reserved 1112064K
  class space    used 9668K, capacity 10362K, committed 10408K, reserved 1048576K
Event: 10.893 GC heap after
Heap after GC invocations=18 (full 3):
 PSYoungGen      total 445440K, used 9856K [0x00000000e0000000, 0x00000000fe580000, 0x0000000100000000)
  eden space 396288K, 0% used [0x00000000e0000000,0x00000000e0000000,0x00000000f8300000)
  from space 49152K, 20% used [0x00000000f8300000,0x00000000f8ca0060,0x00000000fb300000)
  to   space 49152K, 0% used [0x00000000fb300000,0x00000000fb300000,0x00000000fe300000)
 ParOldGen       total 257536K, used 145130K [0x00000000a0000000, 0x00000000afb80000, 0x00000000e0000000)
  object space 257536K, 56% used [0x00000000a0000000,0x00000000a8dba858,0x00000000afb80000)
 Metaspace       used 70111K, capacity 73760K, committed 73880K, reserved 1112064K
  class space    used 9668K, capacity 10362K, committed 10408K, reserved 1048576K
}

