# JRE version: OpenJDK Runtime Environment (8.0_212-b04) (build 1.8.0_212-release-1586-b04)
# Java VM: OpenJDK 64-Bit Server VM (25.212-b04 mixed mode windows-amd64 compressed oops)
Heap:
 PSYoungGen      total 193024K, used 82143K [0x00000000e0000000, 0x00000000ef600000, 0x0000000100000000)
  eden space 163840K, 32% used [0x00000000e0000000,0x00000000e33be388,0x00000000ea000000)
  from space 29184K, 99% used [0x00000000ea000000,0x00000000ebc799a0,0x00000000ebc80000)
  to   space 34816K, 0% used [0x00000000ed400000,0x00000000ed400000,0x00000000ef600000)
 ParOldGen       total 271872K, used 48312K [0x00000000a0000000, 0x00000000b0980000, 0x00000000e0000000)
  object space 271872K, 17% used [0x00000000a0000000,0x00000000a2f2e080,0x00000000b0980000)
 Metaspace       used 77013K, capacity 80750K, committed 81024K, reserved 1120256K
  class space    used 10251K, capacity 11030K, committed 11136K, reserved 1048576K
GC Heap History (10 events):
Event: 6.399 GC heap before
{Heap before GC invocations=12 (full 3):
 PSYoungGen      total 147968K, used 19948K [0x00000000e0000000, 0x00000000ec900000, 0x0000000100000000)
  eden space 128000K, 0% used [0x00000000e0000000,0x00000000e0000000,0x00000000e7d00000)
  from space 19968K, 99% used [0x00000000e7d00000,0x00000000e907b018,0x00000000e9080000)
  to   space 23552K, 0% used [0x00000000eb200000,0x00000000eb200000,0x00000000ec900000)
 ParOldGen       total 180224K, used 26853K [0x00000000a0000000, 0x00000000ab000000, 0x00000000e0000000)
  object space 180224K, 14% used [0x00000000a0000000,0x00000000a1a39758,0x00000000ab000000)
 Metaspace       used 57153K, capacity 59084K, committed 59160K, reserved 1099776K
  class space    used 7811K, capacity 8264K, committed 8320K, reserved 1048576K
Event: 6.591 GC heap after
Heap after GC invocations=12 (full 3):
 PSYoungGen      total 147968K, used 0K [0x00000000e0000000, 0x00000000ec900000, 0x0000000100000000)
  eden space 128000K, 0% used [0x00000000e0000000,0x00000000e0000000,0x00000000e7d00000)
  from space 19968K, 0% used [0x00000000e7d00000,0x00000000e7d00000,0x00000000e9080000)
  to   space 23552K, 0% used [0x00000000eb200000,0x00000000eb200000,0x00000000ec900000)
 ParOldGen       total 271872K, used 38422K [0x00000000a0000000, 0x00000000b0980000, 0x00000000e0000000)
  object space 271872K, 14% used [0x00000000a0000000,0x00000000a2585930,0x00000000b0980000)
 Metaspace       used 57097K, capacity 58892K, committed 59160K, reserved 1099776K
  class space    used 7794K, capacity 8232K, committed 8320K, reserved 1048576K
}
Event: 7.491 GC heap before
{Heap before GC invocations=13 (full 3):
 PSYoungGen      total 147968K, used 128000K [0x00000000e0000000, 0x00000000ec900000, 0x0000000100000000)
  eden space 128000K, 100% used [0x00000000e0000000,0x00000000e7d00000,0x00000000e7d00000)
  from space 19968K, 0% used [0x00000000e7d00000,0x00000000e7d00000,0x00000000e9080000)
  to   space 23552K, 0% used [0x00000000eb200000,0x00000000eb200000,0x00000000ec900000)
 ParOldGen       total 271872K, used 38422K [0x00000000a0000000, 0x00000000b0980000, 0x00000000e0000000)
  object space 271872K, 14% used [0x00000000a0000000,0x00000000a2585930,0x00000000b0980000)
 Metaspace       used 63553K, capacity 65622K, committed 65920K, reserved 1105920K
  class space    used 8747K, capacity 9220K, committed 9344K, reserved 1048576K
Event: 7.502 GC heap after
Heap after GC invocations=13 (full 3):
 PSYoungGen      total 160256K, used 12137K [0x00000000e0000000, 0x00000000ebe00000, 0x0000000100000000)
  eden space 147968K, 0% used [0x00000000e0000000,0x00000000e0000000,0x00000000e9080000)
  from space 12288K, 98% used [0x00000000eb200000,0x00000000ebdda550,0x00000000ebe00000)
  to   space 22528K, 0% used [0x00000000e9200000,0x00000000e9200000,0x00000000ea800000)
 ParOldGen       total 271872K, used 38430K [0x00000000a0000000, 0x00000000b0980000, 0x00000000e0000000)
  object space 271872K, 14% used [0x00000000a0000000,0x00000000a2587930,0x00000000b0980000)
 Metaspace       used 63553K, capacity 65622K, committed 65920K, reserved 1105920K
  class space    used 8747K, capacity 9220K, committed 9344K, reserved 1048576K
}
Event: 9.441 GC heap before
{Heap before GC invocations=14 (full 3):
 PSYoungGen      total 160256K, used 160105K [0x00000000e0000000, 0x00000000ebe00000, 0x0000000100000000)
  eden space 147968K, 100% used [0x00000000e0000000,0x00000000e9080000,0x00000000e9080000)
  from space 12288K, 98% used [0x00000000eb200000,0x00000000ebdda550,0x00000000ebe00000)
  to   space 22528K, 0% used [0x00000000e9200000,0x00000000e9200000,0x00000000ea800000)
 ParOldGen       total 271872K, used 38430K [0x00000000a0000000, 0x00000000b0980000, 0x00000000e0000000)
  object space 271872K, 14% used [0x00000000a0000000,0x00000000a2587930,0x00000000b0980000)
 Metaspace       used 68385K, capacity 71324K, committed 71424K, reserved 1110016K
  class space    used 9351K, capacity 9944K, committed 9984K, reserved 1048576K
Event: 9.452 GC heap after
Heap after GC invocations=14 (full 3):
 PSYoungGen      total 172032K, used 19536K [0x00000000e0000000, 0x00000000ed400000, 0x0000000100000000)
  eden space 149504K, 0% used [0x00000000e0000000,0x00000000e0000000,0x00000000e9200000)
  from space 22528K, 86% used [0x00000000e9200000,0x00000000ea5143d8,0x00000000ea800000)
  to   space 24064K, 0% used [0x00000000ebc80000,0x00000000ebc80000,0x00000000ed400000)
 ParOldGen       total 271872K, used 38438K [0x00000000a0000000, 0x00000000b0980000, 0x00000000e0000000)
  object space 271872K, 14% used [0x00000000a0000000,0x00000000a2589930,0x00000000b0980000)
 Metaspace       used 68385K, capacity 71324K, committed 71424K, reserved 1110016K
  class space    used 9351K, capacity 9944K, committed 9984K, reserved 1048576K
}
Event: 20.493 GC heap before
{Heap before GC invocations=15 (full 3):
 PSYoungGen      total 172032K, used 169040K [0x00000000e0000000, 0x00000000ed400000, 0x0000000100000000)
  eden space 149504K, 100% used [0x00000000e0000000,0x00000000e9200000,0x00000000e9200000)
  from space 22528K, 86% used [0x00000000e9200000,0x00000000ea5143d8,0x00000000ea800000)
  to   space 24064K, 0% used [0x00000000ebc80000,0x00000000ebc80000,0x00000000ed400000)
 ParOldGen       total 271872K, used 38438K [0x00000000a0000000, 0x00000000b0980000, 0x00000000e0000000)
  object space 271872K, 14% used [0x00000000a0000000,0x00000000a2589930,0x00000000b0980000)
 Metaspace       used 74455K, capacity 77964K, committed 78080K, reserved 1116160K
  class space    used 9917K, capacity 10661K, committed 10752K, reserved 1048576K
Event: 20.522 GC heap after
Heap after GC invocations=15 (full 3):
 PSYoungGen      total 187904K, used 24038K [0x00000000e0000000, 0x00000000edc80000, 0x0000000100000000)
  eden space 163840K, 0% used [0x00000000e0000000,0x00000000e0000000,0x00000000ea000000)
  from space 24064K, 99% used [0x00000000ebc80000,0x00000000ed3f9980,0x00000000ed400000)
  to   space 29184K, 0% used [0x00000000ea000000,0x00000000ea000000,0x00000000ebc80000)
 ParOldGen       total 271872K, used 44125K [0x00000000a0000000, 0x00000000b0980000, 0x00000000e0000000)
  object space 271872K, 16% used [0x00000000a0000000,0x00000000a2b175e8,0x00000000b0980000)
 Metaspace       used 74455K, capacity 77964K, committed 78080K, reserved 1116160K
  class space    used 9917K, capacity 10661K, committed 10752K, reserved 1048576K
}
Event: 23.142 GC heap before
{Heap before GC invocations=16 (full 3):
 PSYoungGen      total 187904K, used 187878K [0x00000000e0000000, 0x00000000edc80000, 0x0000000100000000)
  eden space 163840K, 100% used [0x00000000e0000000,0x00000000ea000000,0x00000000ea000000)
  from space 24064K, 99% used [0x00000000ebc80000,0x00000000ed3f9980,0x00000000ed400000)
  to   space 29184K, 0% used [0x00000000ea000000,0x00000000ea000000,0x00000000ebc80000)
 ParOldGen       total 271872K, used 44125K [0x00000000a0000000, 0x00000000b0980000, 0x00000000e0000000)
  object space 271872K, 16% used [0x00000000a0000000,0x00000000a2b175e8,0x00000000b0980000)
 Metaspace       used 76318K, capacity 79902K, committed 80128K, reserved 1118208K
  class space    used 10149K, capacity 10896K, committed 11008K, reserved 1048576K
Event: 23.163 GC heap after
Heap after GC invocations=16 (full 3):
 PSYoungGen      total 193024K, used 29158K [0x00000000e0000000, 0x00000000ef600000, 0x0000000100000000)
  eden space 163840K, 0% used [0x00000000e0000000,0x00000000e0000000,0x00000000ea000000)
  from space 29184K, 99% used [0x00000000ea000000,0x00000000ebc799a0,0x00000000ebc80000)
  to   space 34816K, 0% used [0x00000000ed400000,0x00000000ed400000,0x00000000ef600000)
 ParOldGen       total 271872K, used 48312K [0x00000000a0000000, 0x00000000b0980000, 0x00000000e0000000)
  object space 271872K, 17% used [0x00000000a0000000,0x00000000a2f2e080,0x00000000b0980000)
 Metaspace       used 76318K, capacity 79902K, committed 80128K, reserved 1118208K
  class space    used 10149K, capacity 10896K, committed 11008K, reserved 1048576K
}

