# JRE version: OpenJDK Runtime Environment (8.0_212-b04) (build 1.8.0_212-release-1586-b04)
# Java VM: OpenJDK 64-Bit Server VM (25.212-b04 mixed mode windows-amd64 compressed oops)
Heap:
 PSYoungGen      total 257536K, used 83098K [0x00000000e0000000, 0x00000000f4180000, 0x0000000100000000)
  eden space 216064K, 19% used [0x00000000e0000000,0x00000000e28a9b98,0x00000000ed300000)
  from space 41472K, 99% used [0x00000000ed300000,0x00000000efb7cda8,0x00000000efb80000)
  to   space 23552K, 0% used [0x00000000efb80000,0x00000000efb80000,0x00000000f1280000)
 ParOldGen       total 273408K, used 109274K [0x00000000a0000000, 0x00000000b0b00000, 0x00000000e0000000)
  object space 273408K, 39% used [0x00000000a0000000,0x00000000a6ab6a58,0x00000000b0b00000)
 Metaspace       used 70578K, capacity 74172K, committed 74392K, reserved 1114112K
  class space    used 9666K, capacity 10376K, committed 10408K, reserved 1048576K
GC Heap History (10 events):
Event: 6.378 GC heap before
{Heap before GC invocations=10 (full 2):
 PSYoungGen      total 166400K, used 155780K [0x00000000e0000000, 0x00000000eef00000, 0x0000000100000000)
  eden space 153088K, 93% used [0x00000000e0000000,0x00000000e8b27648,0x00000000e9580000)
  from space 13312K, 99% used [0x00000000e9580000,0x00000000ea279c18,0x00000000ea280000)
  to   space 17408K, 0% used [0x00000000ede00000,0x00000000ede00000,0x00000000eef00000)
 ParOldGen       total 174592K, used 22308K [0x00000000a0000000, 0x00000000aaa80000, 0x00000000e0000000)
  object space 174592K, 12% used [0x00000000a0000000,0x00000000a15c92b8,0x00000000aaa80000)
 Metaspace       used 57523K, capacity 59146K, committed 59160K, reserved 1099776K
  class space    used 7810K, capacity 8227K, committed 8232K, reserved 1048576K
Event: 6.394 GC heap after
Heap after GC invocations=10 (full 2):
 PSYoungGen      total 222208K, used 17384K [0x00000000e0000000, 0x00000000ef800000, 0x0000000100000000)
  eden space 204800K, 0% used [0x00000000e0000000,0x00000000e0000000,0x00000000ec800000)
  from space 17408K, 99% used [0x00000000ede00000,0x00000000eeefa2e0,0x00000000eef00000)
  to   space 22528K, 0% used [0x00000000ec800000,0x00000000ec800000,0x00000000ede00000)
 ParOldGen       total 174592K, used 29155K [0x00000000a0000000, 0x00000000aaa80000, 0x00000000e0000000)
  object space 174592K, 16% used [0x00000000a0000000,0x00000000a1c78d90,0x00000000aaa80000)
 Metaspace       used 57523K, capacity 59146K, committed 59160K, reserved 1099776K
  class space    used 7810K, capacity 8227K, committed 8232K, reserved 1048576K
}
Event: 6.394 GC heap before
{Heap before GC invocations=11 (full 3):
 PSYoungGen      total 222208K, used 17384K [0x00000000e0000000, 0x00000000ef800000, 0x0000000100000000)
  eden space 204800K, 0% used [0x00000000e0000000,0x00000000e0000000,0x00000000ec800000)
  from space 17408K, 99% used [0x00000000ede00000,0x00000000eeefa2e0,0x00000000eef00000)
  to   space 22528K, 0% used [0x00000000ec800000,0x00000000ec800000,0x00000000ede00000)
 ParOldGen       total 174592K, used 29155K [0x00000000a0000000, 0x00000000aaa80000, 0x00000000e0000000)
  object space 174592K, 16% used [0x00000000a0000000,0x00000000a1c78d90,0x00000000aaa80000)
 Metaspace       used 57523K, capacity 59146K, committed 59160K, reserved 1099776K
  class space    used 7810K, capacity 8227K, committed 8232K, reserved 1048576K
Event: 6.602 GC heap after
Heap after GC invocations=11 (full 3):
 PSYoungGen      total 222208K, used 0K [0x00000000e0000000, 0x00000000ef800000, 0x0000000100000000)
  eden space 204800K, 0% used [0x00000000e0000000,0x00000000e0000000,0x00000000ec800000)
  from space 17408K, 0% used [0x00000000ede00000,0x00000000ede00000,0x00000000eef00000)
  to   space 22528K, 0% used [0x00000000ec800000,0x00000000ec800000,0x00000000ede00000)
 ParOldGen       total 273408K, used 39343K [0x00000000a0000000, 0x00000000b0b00000, 0x00000000e0000000)
  object space 273408K, 14% used [0x00000000a0000000,0x00000000a266bca8,0x00000000b0b00000)
 Metaspace       used 57523K, capacity 59146K, committed 59160K, reserved 1099776K
  class space    used 7810K, capacity 8227K, committed 8232K, reserved 1048576K
}
Event: 7.654 GC heap before
{Heap before GC invocations=12 (full 3):
 PSYoungGen      total 222208K, used 204800K [0x00000000e0000000, 0x00000000ef800000, 0x0000000100000000)
  eden space 204800K, 100% used [0x00000000e0000000,0x00000000ec800000,0x00000000ec800000)
  from space 17408K, 0% used [0x00000000ede00000,0x00000000ede00000,0x00000000eef00000)
  to   space 22528K, 0% used [0x00000000ec800000,0x00000000ec800000,0x00000000ede00000)
 ParOldGen       total 273408K, used 39343K [0x00000000a0000000, 0x00000000b0b00000, 0x00000000e0000000)
  object space 273408K, 14% used [0x00000000a0000000,0x00000000a266bca8,0x00000000b0b00000)
 Metaspace       used 60648K, capacity 62958K, committed 63000K, reserved 1103872K
  class space    used 8248K, capacity 8703K, committed 8744K, reserved 1048576K
Event: 7.670 GC heap after
Heap after GC invocations=12 (full 3):
 PSYoungGen      total 227328K, used 17141K [0x00000000e0000000, 0x00000000f1280000, 0x0000000100000000)
  eden space 204800K, 0% used [0x00000000e0000000,0x00000000e0000000,0x00000000ec800000)
  from space 22528K, 76% used [0x00000000ec800000,0x00000000ed8bd648,0x00000000ede00000)
  to   space 23552K, 0% used [0x00000000efb80000,0x00000000efb80000,0x00000000f1280000)
 ParOldGen       total 273408K, used 39351K [0x00000000a0000000, 0x00000000b0b00000, 0x00000000e0000000)
  object space 273408K, 14% used [0x00000000a0000000,0x00000000a266dca8,0x00000000b0b00000)
 Metaspace       used 60648K, capacity 62958K, committed 63000K, reserved 1103872K
  class space    used 8248K, capacity 8703K, committed 8744K, reserved 1048576K
}
Event: 8.483 GC heap before
{Heap before GC invocations=13 (full 3):
 PSYoungGen      total 227328K, used 221941K [0x00000000e0000000, 0x00000000f1280000, 0x0000000100000000)
  eden space 204800K, 100% used [0x00000000e0000000,0x00000000ec800000,0x00000000ec800000)
  from space 22528K, 76% used [0x00000000ec800000,0x00000000ed8bd648,0x00000000ede00000)
  to   space 23552K, 0% used [0x00000000efb80000,0x00000000efb80000,0x00000000f1280000)
 ParOldGen       total 273408K, used 39351K [0x00000000a0000000, 0x00000000b0b00000, 0x00000000e0000000)
  object space 273408K, 14% used [0x00000000a0000000,0x00000000a266dca8,0x00000000b0b00000)
 Metaspace       used 67457K, capacity 70380K, committed 70680K, reserved 1110016K
  class space    used 9322K, capacity 9956K, committed 10024K, reserved 1048576K
Event: 8.522 GC heap after
Heap after GC invocations=13 (full 3):
 PSYoungGen      total 239616K, used 23532K [0x00000000e0000000, 0x00000000f4180000, 0x0000000100000000)
  eden space 216064K, 0% used [0x00000000e0000000,0x00000000e0000000,0x00000000ed300000)
  from space 23552K, 99% used [0x00000000efb80000,0x00000000f127b238,0x00000000f1280000)
  to   space 41472K, 0% used [0x00000000ed300000,0x00000000ed300000,0x00000000efb80000)
 ParOldGen       total 273408K, used 80782K [0x00000000a0000000, 0x00000000b0b00000, 0x00000000e0000000)
  object space 273408K, 29% used [0x00000000a0000000,0x00000000a4ee3b70,0x00000000b0b00000)
 Metaspace       used 67457K, capacity 70380K, committed 70680K, reserved 1110016K
  class space    used 9322K, capacity 9956K, committed 10024K, reserved 1048576K
}
Event: 9.206 GC heap before
{Heap before GC invocations=14 (full 3):
 PSYoungGen      total 239616K, used 239474K [0x00000000e0000000, 0x00000000f4180000, 0x0000000100000000)
  eden space 216064K, 99% used [0x00000000e0000000,0x00000000ed2e18c8,0x00000000ed300000)
  from space 23552K, 99% used [0x00000000efb80000,0x00000000f127b238,0x00000000f1280000)
  to   space 41472K, 0% used [0x00000000ed300000,0x00000000ed300000,0x00000000efb80000)
 ParOldGen       total 273408K, used 80782K [0x00000000a0000000, 0x00000000b0b00000, 0x00000000e0000000)
  object space 273408K, 29% used [0x00000000a0000000,0x00000000a4ee3b70,0x00000000b0b00000)
 Metaspace       used 69887K, capacity 73416K, committed 73624K, reserved 1112064K
  class space    used 9655K, capacity 10370K, committed 10408K, reserved 1048576K
Event: 9.259 GC heap after
Heap after GC invocations=14 (full 3):
 PSYoungGen      total 257536K, used 41459K [0x00000000e0000000, 0x00000000f4180000, 0x0000000100000000)
  eden space 216064K, 0% used [0x00000000e0000000,0x00000000e0000000,0x00000000ed300000)
  from space 41472K, 99% used [0x00000000ed300000,0x00000000efb7cda8,0x00000000efb80000)
  to   space 23552K, 0% used [0x00000000efb80000,0x00000000efb80000,0x00000000f1280000)
 ParOldGen       total 273408K, used 109274K [0x00000000a0000000, 0x00000000b0b00000, 0x00000000e0000000)
  object space 273408K, 39% used [0x00000000a0000000,0x00000000a6ab6a58,0x00000000b0b00000)
 Metaspace       used 69887K, capacity 73416K, committed 73624K, reserved 1112064K
  class space    used 9655K, capacity 10370K, committed 10408K, reserved 1048576K
}

