# JRE version: OpenJDK Runtime Environment (8.0_202-b03) (build 1.8.0_202-release-1483-b03)
# Java VM: OpenJDK 64-Bit Server VM (25.202-b03 mixed mode windows-amd64 compressed oops)
Heap:
 PSYoungGen      total 424448K, used 110174K [0x00000000e0000000, 0x00000000ff380000, 0x0000000100000000)
  eden space 343552K, 23% used [0x00000000e0000000,0x00000000e5027e80,0x00000000f4f80000)
  from space 80896K, 34% used [0x00000000fa480000,0x00000000fbfef9e0,0x00000000ff380000)
  to   space 83968K, 0% used [0x00000000f4f80000,0x00000000f4f80000,0x00000000fa180000)
 ParOldGen       total 563712K, used 174207K [0x00000000a0000000, 0x00000000c2680000, 0x00000000e0000000)
  object space 563712K, 30% used [0x00000000a0000000,0x00000000aaa1fff8,0x00000000c2680000)
 Metaspace       used 213800K, capacity 227822K, committed 253016K, reserved 1267712K
  class space    used 26965K, capacity 29337K, committed 34688K, reserved 1048576K
GC Heap History (10 events):
Event: 29653.447 GC heap before
{Heap before GC invocations=124 (full 6):
 PSYoungGen      total 418816K, used 78580K [0x00000000e0000000, 0x0000000100000000, 0x0000000100000000)
  eden space 335872K, 0% used [0x00000000e0000000,0x00000000e0000000,0x00000000f4800000)
  from space 82944K, 94% used [0x00000000faf00000,0x00000000ffbbd2c0,0x0000000100000000)
  to   space 94208K, 0% used [0x00000000f4800000,0x00000000f4800000,0x00000000fa400000)
 ParOldGen       total 443392K, used 390279K [0x00000000a0000000, 0x00000000bb100000, 0x00000000e0000000)
  object space 443392K, 88% used [0x00000000a0000000,0x00000000b7d21d50,0x00000000bb100000)
 Metaspace       used 246230K, capacity 265174K, committed 265304K, reserved 1280000K
  class space    used 31376K, capacity 34596K, committed 34688K, reserved 1048576K
Event: 29654.155 GC heap after
Heap after GC invocations=124 (full 6):
 PSYoungGen      total 418816K, used 0K [0x00000000e0000000, 0x0000000100000000, 0x0000000100000000)
  eden space 335872K, 0% used [0x00000000e0000000,0x00000000e0000000,0x00000000f4800000)
  from space 82944K, 0% used [0x00000000faf00000,0x00000000faf00000,0x0000000100000000)
  to   space 94208K, 0% used [0x00000000f4800000,0x00000000f4800000,0x00000000fa400000)
 ParOldGen       total 563712K, used 174175K [0x00000000a0000000, 0x00000000c2680000, 0x00000000e0000000)
  object space 563712K, 30% used [0x00000000a0000000,0x00000000aaa17ff8,0x00000000c2680000)
 Metaspace       used 209712K, capacity 222754K, committed 253016K, reserved 1267712K
  class space    used 26455K, capacity 28707K, committed 34688K, reserved 1048576K
}
Event: 29655.139 GC heap before
{Heap before GC invocations=125 (full 6):
 PSYoungGen      total 418816K, used 335872K [0x00000000e0000000, 0x0000000100000000, 0x0000000100000000)
  eden space 335872K, 100% used [0x00000000e0000000,0x00000000f4800000,0x00000000f4800000)
  from space 82944K, 0% used [0x00000000faf00000,0x00000000faf00000,0x0000000100000000)
  to   space 94208K, 0% used [0x00000000f4800000,0x00000000f4800000,0x00000000fa400000)
 ParOldGen       total 563712K, used 174175K [0x00000000a0000000, 0x00000000c2680000, 0x00000000e0000000)
  object space 563712K, 30% used [0x00000000a0000000,0x00000000aaa17ff8,0x00000000c2680000)
 Metaspace       used 212459K, capacity 226440K, committed 253016K, reserved 1267712K
  class space    used 26937K, capacity 29300K, committed 34688K, reserved 1048576K
Event: 29655.156 GC heap after
Heap after GC invocations=125 (full 6):
 PSYoungGen      total 430080K, used 8932K [0x00000000e0000000, 0x0000000100000000, 0x0000000100000000)
  eden space 335872K, 0% used [0x00000000e0000000,0x00000000e0000000,0x00000000f4800000)
  from space 94208K, 9% used [0x00000000f4800000,0x00000000f50b9290,0x00000000fa400000)
  to   space 94208K, 0% used [0x00000000fa400000,0x00000000fa400000,0x0000000100000000)
 ParOldGen       total 563712K, used 174183K [0x00000000a0000000, 0x00000000c2680000, 0x00000000e0000000)
  object space 563712K, 30% used [0x00000000a0000000,0x00000000aaa19ff8,0x00000000c2680000)
 Metaspace       used 212459K, capacity 226440K, committed 253016K, reserved 1267712K
  class space    used 26937K, capacity 29300K, committed 34688K, reserved 1048576K
}
Event: 29656.895 GC heap before
{Heap before GC invocations=126 (full 6):
 PSYoungGen      total 430080K, used 344804K [0x00000000e0000000, 0x0000000100000000, 0x0000000100000000)
  eden space 335872K, 100% used [0x00000000e0000000,0x00000000f4800000,0x00000000f4800000)
  from space 94208K, 9% used [0x00000000f4800000,0x00000000f50b9290,0x00000000fa400000)
  to   space 94208K, 0% used [0x00000000fa400000,0x00000000fa400000,0x0000000100000000)
 ParOldGen       total 563712K, used 174183K [0x00000000a0000000, 0x00000000c2680000, 0x00000000e0000000)
  object space 563712K, 30% used [0x00000000a0000000,0x00000000aaa19ff8,0x00000000c2680000)
 Metaspace       used 212960K, capacity 226898K, committed 253016K, reserved 1267712K
  class space    used 26947K, capacity 29301K, committed 34688K, reserved 1048576K
Event: 29656.923 GC heap after
Heap after GC invocations=126 (full 6):
 PSYoungGen      total 425984K, used 15261K [0x00000000e0000000, 0x00000000ffc00000, 0x0000000100000000)
  eden space 335872K, 0% used [0x00000000e0000000,0x00000000e0000000,0x00000000f4800000)
  from space 90112K, 16% used [0x00000000fa400000,0x00000000fb2e7430,0x00000000ffc00000)
  to   space 92160K, 0% used [0x00000000f4800000,0x00000000f4800000,0x00000000fa200000)
 ParOldGen       total 563712K, used 174191K [0x00000000a0000000, 0x00000000c2680000, 0x00000000e0000000)
  object space 563712K, 30% used [0x00000000a0000000,0x00000000aaa1bff8,0x00000000c2680000)
 Metaspace       used 212960K, capacity 226898K, committed 253016K, reserved 1267712K
  class space    used 26947K, capacity 29301K, committed 34688K, reserved 1048576K
}
Event: 29658.369 GC heap before
{Heap before GC invocations=127 (full 6):
 PSYoungGen      total 425984K, used 351133K [0x00000000e0000000, 0x00000000ffc00000, 0x0000000100000000)
  eden space 335872K, 100% used [0x00000000e0000000,0x00000000f4800000,0x00000000f4800000)
  from space 90112K, 16% used [0x00000000fa400000,0x00000000fb2e7430,0x00000000ffc00000)
  to   space 92160K, 0% used [0x00000000f4800000,0x00000000f4800000,0x00000000fa200000)
 ParOldGen       total 563712K, used 174191K [0x00000000a0000000, 0x00000000c2680000, 0x00000000e0000000)
  object space 563712K, 30% used [0x00000000a0000000,0x00000000aaa1bff8,0x00000000c2680000)
 Metaspace       used 213446K, capacity 227444K, committed 253016K, reserved 1267712K
  class space    used 26962K, capacity 29336K, committed 34688K, reserved 1048576K
Event: 29658.391 GC heap after
Heap after GC invocations=127 (full 6):
 PSYoungGen      total 428032K, used 22733K [0x00000000e0000000, 0x00000000ffb00000, 0x0000000100000000)
  eden space 335872K, 0% used [0x00000000e0000000,0x00000000e0000000,0x00000000f4800000)
  from space 92160K, 24% used [0x00000000f4800000,0x00000000f5e33430,0x00000000fa200000)
  to   space 88576K, 0% used [0x00000000fa480000,0x00000000fa480000,0x00000000ffb00000)
 ParOldGen       total 563712K, used 174199K [0x00000000a0000000, 0x00000000c2680000, 0x00000000e0000000)
  object space 563712K, 30% used [0x00000000a0000000,0x00000000aaa1dff8,0x00000000c2680000)
 Metaspace       used 213446K, capacity 227444K, committed 253016K, reserved 1267712K
  class space    used 26962K, capacity 29336K, committed 34688K, reserved 1048576K
}
Event: 29659.316 GC heap before
{Heap before GC invocations=128 (full 6):
 PSYoungGen      total 428032K, used 358605K [0x00000000e0000000, 0x00000000ffb00000, 0x0000000100000000)
  eden space 335872K, 100% used [0x00000000e0000000,0x00000000f4800000,0x00000000f4800000)
  from space 92160K, 24% used [0x00000000f4800000,0x00000000f5e33430,0x00000000fa200000)
  to   space 88576K, 0% used [0x00000000fa480000,0x00000000fa480000,0x00000000ffb00000)
 ParOldGen       total 563712K, used 174199K [0x00000000a0000000, 0x00000000c2680000, 0x00000000e0000000)
  object space 563712K, 30% used [0x00000000a0000000,0x00000000aaa1dff8,0x00000000c2680000)
 Metaspace       used 213711K, capacity 227750K, committed 253016K, reserved 1267712K
  class space    used 26965K, capacity 29337K, committed 34688K, reserved 1048576K
Event: 29659.337 GC heap after
Heap after GC invocations=128 (full 6):
 PSYoungGen      total 424448K, used 28094K [0x00000000e0000000, 0x00000000ff380000, 0x0000000100000000)
  eden space 343552K, 0% used [0x00000000e0000000,0x00000000e0000000,0x00000000f4f80000)
  from space 80896K, 34% used [0x00000000fa480000,0x00000000fbfef9e0,0x00000000ff380000)
  to   space 83968K, 0% used [0x00000000f4f80000,0x00000000f4f80000,0x00000000fa180000)
 ParOldGen       total 563712K, used 174207K [0x00000000a0000000, 0x00000000c2680000, 0x00000000e0000000)
  object space 563712K, 30% used [0x00000000a0000000,0x00000000aaa1fff8,0x00000000c2680000)
 Metaspace       used 213711K, capacity 227750K, committed 253016K, reserved 1267712K
  class space    used 26965K, capacity 29337K, committed 34688K, reserved 1048576K
}

