# JRE version: OpenJDK Runtime Environment (8.0_212-b04) (build 1.8.0_212-release-1586-b04)
# Java VM: OpenJDK 64-Bit Server VM (25.212-b04 mixed mode windows-amd64 compressed oops)
Heap:
 PSYoungGen      total 113152K, used 52950K [0x00000000e0000000, 0x00000000ea000000, 0x0000000100000000)
  eden space 99840K, 39% used [0x00000000e0000000,0x00000000e26b6368,0x00000000e6180000)
  from space 13312K, 99% used [0x00000000e6180000,0x00000000e6e7f590,0x00000000e6e80000)
  to   space 15360K, 0% used [0x00000000e9100000,0x00000000e9100000,0x00000000ea000000)
 ParOldGen       total 181760K, used 18735K [0x00000000a0000000, 0x00000000ab180000, 0x00000000e0000000)
  object space 181760K, 10% used [0x00000000a0000000,0x00000000a124bdb8,0x00000000ab180000)
 Metaspace       used 47561K, capacity 48768K, committed 49064K, reserved 1091584K
  class space    used 6399K, capacity 6721K, committed 6824K, reserved 1048576K
GC Heap History (10 events):
Event: 2.803 GC heap before
{Heap before GC invocations=5 (full 1):
 PSYoungGen      total 75264K, used 64512K [0x00000000e0000000, 0x00000000e5400000, 0x0000000100000000)
  eden space 64512K, 100% used [0x00000000e0000000,0x00000000e3f00000,0x00000000e3f00000)
  from space 10752K, 0% used [0x00000000e3f00000,0x00000000e3f00000,0x00000000e4980000)
  to   space 10752K, 0% used [0x00000000e4980000,0x00000000e4980000,0x00000000e5400000)
 ParOldGen       total 111104K, used 11248K [0x00000000a0000000, 0x00000000a6c80000, 0x00000000e0000000)
  object space 111104K, 10% used [0x00000000a0000000,0x00000000a0afc168,0x00000000a6c80000)
 Metaspace       used 28770K, capacity 29290K, committed 29440K, reserved 1075200K
  class space    used 3882K, capacity 4082K, committed 4096K, reserved 1048576K
Event: 2.811 GC heap after
Heap after GC invocations=5 (full 1):
 PSYoungGen      total 75264K, used 7907K [0x00000000e0000000, 0x00000000e7300000, 0x0000000100000000)
  eden space 64512K, 0% used [0x00000000e0000000,0x00000000e0000000,0x00000000e3f00000)
  from space 10752K, 73% used [0x00000000e4980000,0x00000000e5138c98,0x00000000e5400000)
  to   space 10752K, 0% used [0x00000000e3f00000,0x00000000e3f00000,0x00000000e4980000)
 ParOldGen       total 111104K, used 11256K [0x00000000a0000000, 0x00000000a6c80000, 0x00000000e0000000)
  object space 111104K, 10% used [0x00000000a0000000,0x00000000a0afe168,0x00000000a6c80000)
 Metaspace       used 28770K, capacity 29290K, committed 29440K, reserved 1075200K
  class space    used 3882K, capacity 4082K, committed 4096K, reserved 1048576K
}
Event: 3.358 GC heap before
{Heap before GC invocations=6 (full 1):
 PSYoungGen      total 75264K, used 72419K [0x00000000e0000000, 0x00000000e7300000, 0x0000000100000000)
  eden space 64512K, 100% used [0x00000000e0000000,0x00000000e3f00000,0x00000000e3f00000)
  from space 10752K, 73% used [0x00000000e4980000,0x00000000e5138c98,0x00000000e5400000)
  to   space 10752K, 0% used [0x00000000e3f00000,0x00000000e3f00000,0x00000000e4980000)
 ParOldGen       total 111104K, used 11256K [0x00000000a0000000, 0x00000000a6c80000, 0x00000000e0000000)
  object space 111104K, 10% used [0x00000000a0000000,0x00000000a0afe168,0x00000000a6c80000)
 Metaspace       used 31943K, capacity 32462K, committed 32512K, reserved 1077248K
  class space    used 4404K, capacity 4606K, committed 4608K, reserved 1048576K
Event: 3.370 GC heap after
Heap after GC invocations=6 (full 1):
 PSYoungGen      total 75264K, used 8417K [0x00000000e0000000, 0x00000000e7b00000, 0x0000000100000000)
  eden space 64512K, 0% used [0x00000000e0000000,0x00000000e0000000,0x00000000e3f00000)
  from space 10752K, 78% used [0x00000000e3f00000,0x00000000e4738510,0x00000000e4980000)
  to   space 12800K, 0% used [0x00000000e6e80000,0x00000000e6e80000,0x00000000e7b00000)
 ParOldGen       total 111104K, used 11264K [0x00000000a0000000, 0x00000000a6c80000, 0x00000000e0000000)
  object space 111104K, 10% used [0x00000000a0000000,0x00000000a0b00168,0x00000000a6c80000)
 Metaspace       used 31943K, capacity 32462K, committed 32512K, reserved 1077248K
  class space    used 4404K, capacity 4606K, committed 4608K, reserved 1048576K
}
Event: 3.914 GC heap before
{Heap before GC invocations=7 (full 1):
 PSYoungGen      total 75264K, used 62735K [0x00000000e0000000, 0x00000000e7b00000, 0x0000000100000000)
  eden space 64512K, 84% used [0x00000000e0000000,0x00000000e350b908,0x00000000e3f00000)
  from space 10752K, 78% used [0x00000000e3f00000,0x00000000e4738510,0x00000000e4980000)
  to   space 12800K, 0% used [0x00000000e6e80000,0x00000000e6e80000,0x00000000e7b00000)
 ParOldGen       total 111104K, used 11264K [0x00000000a0000000, 0x00000000a6c80000, 0x00000000e0000000)
  object space 111104K, 10% used [0x00000000a0000000,0x00000000a0b00168,0x00000000a6c80000)
 Metaspace       used 34612K, capacity 35412K, committed 35496K, reserved 1079296K
  class space    used 4766K, capacity 5001K, committed 5032K, reserved 1048576K
Event: 3.925 GC heap after
Heap after GC invocations=7 (full 1):
 PSYoungGen      total 112640K, used 11356K [0x00000000e0000000, 0x00000000e7d80000, 0x0000000100000000)
  eden space 99840K, 0% used [0x00000000e0000000,0x00000000e0000000,0x00000000e6180000)
  from space 12800K, 88% used [0x00000000e6e80000,0x00000000e7997210,0x00000000e7b00000)
  to   space 13312K, 0% used [0x00000000e6180000,0x00000000e6180000,0x00000000e6e80000)
 ParOldGen       total 111104K, used 11272K [0x00000000a0000000, 0x00000000a6c80000, 0x00000000e0000000)
  object space 111104K, 10% used [0x00000000a0000000,0x00000000a0b02168,0x00000000a6c80000)
 Metaspace       used 34612K, capacity 35412K, committed 35496K, reserved 1079296K
  class space    used 4766K, capacity 5001K, committed 5032K, reserved 1048576K
}
Event: 3.925 GC heap before
{Heap before GC invocations=8 (full 2):
 PSYoungGen      total 112640K, used 11356K [0x00000000e0000000, 0x00000000e7d80000, 0x0000000100000000)
  eden space 99840K, 0% used [0x00000000e0000000,0x00000000e0000000,0x00000000e6180000)
  from space 12800K, 88% used [0x00000000e6e80000,0x00000000e7997210,0x00000000e7b00000)
  to   space 13312K, 0% used [0x00000000e6180000,0x00000000e6180000,0x00000000e6e80000)
 ParOldGen       total 111104K, used 11272K [0x00000000a0000000, 0x00000000a6c80000, 0x00000000e0000000)
  object space 111104K, 10% used [0x00000000a0000000,0x00000000a0b02168,0x00000000a6c80000)
 Metaspace       used 34612K, capacity 35412K, committed 35496K, reserved 1079296K
  class space    used 4766K, capacity 5001K, committed 5032K, reserved 1048576K
Event: 4.009 GC heap after
Heap after GC invocations=8 (full 2):
 PSYoungGen      total 112640K, used 0K [0x00000000e0000000, 0x00000000e7d80000, 0x0000000100000000)
  eden space 99840K, 0% used [0x00000000e0000000,0x00000000e0000000,0x00000000e6180000)
  from space 12800K, 0% used [0x00000000e6e80000,0x00000000e6e80000,0x00000000e7b00000)
  to   space 13312K, 0% used [0x00000000e6180000,0x00000000e6180000,0x00000000e6e80000)
 ParOldGen       total 181760K, used 18166K [0x00000000a0000000, 0x00000000ab180000, 0x00000000e0000000)
  object space 181760K, 9% used [0x00000000a0000000,0x00000000a11bd908,0x00000000ab180000)
 Metaspace       used 34569K, capacity 35268K, committed 35496K, reserved 1079296K
  class space    used 4753K, capacity 4977K, committed 5032K, reserved 1048576K
}
Event: 4.784 GC heap before
{Heap before GC invocations=9 (full 2):
 PSYoungGen      total 112640K, used 99840K [0x00000000e0000000, 0x00000000e7d80000, 0x0000000100000000)
  eden space 99840K, 100% used [0x00000000e0000000,0x00000000e6180000,0x00000000e6180000)
  from space 12800K, 0% used [0x00000000e6e80000,0x00000000e6e80000,0x00000000e7b00000)
  to   space 13312K, 0% used [0x00000000e6180000,0x00000000e6180000,0x00000000e6e80000)
 ParOldGen       total 181760K, used 18166K [0x00000000a0000000, 0x00000000ab180000, 0x00000000e0000000)
  object space 181760K, 9% used [0x00000000a0000000,0x00000000a11bd908,0x00000000ab180000)
 Metaspace       used 45061K, capacity 46016K, committed 46376K, reserved 1089536K
  class space    used 6065K, capacity 6335K, committed 6440K, reserved 1048576K
Event: 4.793 GC heap after
Heap after GC invocations=9 (full 2):
 PSYoungGen      total 113152K, used 13309K [0x00000000e0000000, 0x00000000ea000000, 0x0000000100000000)
  eden space 99840K, 0% used [0x00000000e0000000,0x00000000e0000000,0x00000000e6180000)
  from space 13312K, 99% used [0x00000000e6180000,0x00000000e6e7f590,0x00000000e6e80000)
  to   space 15360K, 0% used [0x00000000e9100000,0x00000000e9100000,0x00000000ea000000)
 ParOldGen       total 181760K, used 18735K [0x00000000a0000000, 0x00000000ab180000, 0x00000000e0000000)
  object space 181760K, 10% used [0x00000000a0000000,0x00000000a124bdb8,0x00000000ab180000)
 Metaspace       used 45061K, capacity 46016K, committed 46376K, reserved 1089536K
  class space    used 6065K, capacity 6335K, committed 6440K, reserved 1048576K
}

