# JRE version: OpenJDK Runtime Environment (8.0_212-b04) (build 1.8.0_212-release-1586-b04)
# Java VM: OpenJDK 64-Bit Server VM (25.212-b04 mixed mode windows-amd64 compressed oops)
Heap:
 PSYoungGen      total 75264K, used 43152K [0x00000000e0000000, 0x00000000e7780000, 0x0000000100000000)
  eden space 64512K, 53% used [0x00000000e0000000,0x00000000e21e2fb8,0x00000000e3f00000)
  from space 10752K, 78% used [0x00000000e3f00000,0x00000000e4741170,0x00000000e4980000)
  to   space 12800K, 0% used [0x00000000e6b00000,0x00000000e6b00000,0x00000000e7780000)
 ParOldGen       total 114176K, used 11258K [0x00000000a0000000, 0x00000000a6f80000, 0x00000000e0000000)
  object space 114176K, 9% used [0x00000000a0000000,0x00000000a0afebb8,0x00000000a6f80000)
 Metaspace       used 33783K, capacity 34468K, committed 34560K, reserved 1079296K
  class space    used 4660K, capacity 4853K, committed 4864K, reserved 1048576K
GC Heap History (10 events):
Event: 1.678 GC heap before
{Heap before GC invocations=2 (full 0):
 PSYoungGen      total 75264K, used 71063K [0x00000000e0000000, 0x00000000e5400000, 0x0000000100000000)
  eden space 64512K, 100% used [0x00000000e0000000,0x00000000e3f00000,0x00000000e3f00000)
  from space 10752K, 60% used [0x00000000e3f00000,0x00000000e4565d18,0x00000000e4980000)
  to   space 10752K, 0% used [0x00000000e4980000,0x00000000e4980000,0x00000000e5400000)
 ParOldGen       total 172032K, used 16K [0x00000000a0000000, 0x00000000aa800000, 0x00000000e0000000)
  object space 172032K, 0% used [0x00000000a0000000,0x00000000a0004000,0x00000000aa800000)
 Metaspace       used 15381K, capacity 15792K, committed 16000K, reserved 1062912K
  class space    used 2180K, capacity 2328K, committed 2432K, reserved 1048576K
Event: 1.685 GC heap after
Heap after GC invocations=2 (full 0):
 PSYoungGen      total 75264K, used 10397K [0x00000000e0000000, 0x00000000e5400000, 0x0000000100000000)
  eden space 64512K, 0% used [0x00000000e0000000,0x00000000e0000000,0x00000000e3f00000)
  from space 10752K, 96% used [0x00000000e4980000,0x00000000e53a7738,0x00000000e5400000)
  to   space 10752K, 0% used [0x00000000e3f00000,0x00000000e3f00000,0x00000000e4980000)
 ParOldGen       total 172032K, used 24K [0x00000000a0000000, 0x00000000aa800000, 0x00000000e0000000)
  object space 172032K, 0% used [0x00000000a0000000,0x00000000a0006000,0x00000000aa800000)
 Metaspace       used 15381K, capacity 15792K, committed 16000K, reserved 1062912K
  class space    used 2180K, capacity 2328K, committed 2432K, reserved 1048576K
}
Event: 2.219 GC heap before
{Heap before GC invocations=3 (full 0):
 PSYoungGen      total 75264K, used 63399K [0x00000000e0000000, 0x00000000e5400000, 0x0000000100000000)
  eden space 64512K, 82% used [0x00000000e0000000,0x00000000e33c2870,0x00000000e3f00000)
  from space 10752K, 96% used [0x00000000e4980000,0x00000000e53a7738,0x00000000e5400000)
  to   space 10752K, 0% used [0x00000000e3f00000,0x00000000e3f00000,0x00000000e4980000)
 ParOldGen       total 172032K, used 24K [0x00000000a0000000, 0x00000000aa800000, 0x00000000e0000000)
  object space 172032K, 0% used [0x00000000a0000000,0x00000000a0006000,0x00000000aa800000)
 Metaspace       used 20720K, capacity 21132K, committed 21296K, reserved 1067008K
  class space    used 2946K, capacity 3116K, committed 3200K, reserved 1048576K
Event: 2.226 GC heap after
Heap after GC invocations=3 (full 0):
 PSYoungGen      total 75264K, used 10751K [0x00000000e0000000, 0x00000000e5400000, 0x0000000100000000)
  eden space 64512K, 0% used [0x00000000e0000000,0x00000000e0000000,0x00000000e3f00000)
  from space 10752K, 99% used [0x00000000e3f00000,0x00000000e497fec8,0x00000000e4980000)
  to   space 10752K, 0% used [0x00000000e4980000,0x00000000e4980000,0x00000000e5400000)
 ParOldGen       total 172032K, used 977K [0x00000000a0000000, 0x00000000aa800000, 0x00000000e0000000)
  object space 172032K, 0% used [0x00000000a0000000,0x00000000a00f4568,0x00000000aa800000)
 Metaspace       used 20720K, capacity 21132K, committed 21296K, reserved 1067008K
  class space    used 2946K, capacity 3116K, committed 3200K, reserved 1048576K
}
Event: 2.226 GC heap before
{Heap before GC invocations=4 (full 1):
 PSYoungGen      total 75264K, used 10751K [0x00000000e0000000, 0x00000000e5400000, 0x0000000100000000)
  eden space 64512K, 0% used [0x00000000e0000000,0x00000000e0000000,0x00000000e3f00000)
  from space 10752K, 99% used [0x00000000e3f00000,0x00000000e497fec8,0x00000000e4980000)
  to   space 10752K, 0% used [0x00000000e4980000,0x00000000e4980000,0x00000000e5400000)
 ParOldGen       total 172032K, used 977K [0x00000000a0000000, 0x00000000aa800000, 0x00000000e0000000)
  object space 172032K, 0% used [0x00000000a0000000,0x00000000a00f4568,0x00000000aa800000)
 Metaspace       used 20720K, capacity 21132K, committed 21296K, reserved 1067008K
  class space    used 2946K, capacity 3116K, committed 3200K, reserved 1048576K
Event: 2.252 GC heap after
Heap after GC invocations=4 (full 1):
 PSYoungGen      total 75264K, used 0K [0x00000000e0000000, 0x00000000e5400000, 0x0000000100000000)
  eden space 64512K, 0% used [0x00000000e0000000,0x00000000e0000000,0x00000000e3f00000)
  from space 10752K, 0% used [0x00000000e3f00000,0x00000000e3f00000,0x00000000e4980000)
  to   space 10752K, 0% used [0x00000000e4980000,0x00000000e4980000,0x00000000e5400000)
 ParOldGen       total 114176K, used 11242K [0x00000000a0000000, 0x00000000a6f80000, 0x00000000e0000000)
  object space 114176K, 9% used [0x00000000a0000000,0x00000000a0afabb8,0x00000000a6f80000)
 Metaspace       used 20720K, capacity 21132K, committed 21296K, reserved 1067008K
  class space    used 2946K, capacity 3116K, committed 3200K, reserved 1048576K
}
Event: 2.794 GC heap before
{Heap before GC invocations=5 (full 1):
 PSYoungGen      total 75264K, used 64512K [0x00000000e0000000, 0x00000000e5400000, 0x0000000100000000)
  eden space 64512K, 100% used [0x00000000e0000000,0x00000000e3f00000,0x00000000e3f00000)
  from space 10752K, 0% used [0x00000000e3f00000,0x00000000e3f00000,0x00000000e4980000)
  to   space 10752K, 0% used [0x00000000e4980000,0x00000000e4980000,0x00000000e5400000)
 ParOldGen       total 114176K, used 11242K [0x00000000a0000000, 0x00000000a6f80000, 0x00000000e0000000)
  object space 114176K, 9% used [0x00000000a0000000,0x00000000a0afabb8,0x00000000a6f80000)
 Metaspace       used 28778K, capacity 29290K, committed 29440K, reserved 1075200K
  class space    used 3885K, capacity 4082K, committed 4096K, reserved 1048576K
Event: 2.799 GC heap after
Heap after GC invocations=5 (full 1):
 PSYoungGen      total 75264K, used 7904K [0x00000000e0000000, 0x00000000e6f80000, 0x0000000100000000)
  eden space 64512K, 0% used [0x00000000e0000000,0x00000000e0000000,0x00000000e3f00000)
  from space 10752K, 73% used [0x00000000e4980000,0x00000000e5138298,0x00000000e5400000)
  to   space 10752K, 0% used [0x00000000e3f00000,0x00000000e3f00000,0x00000000e4980000)
 ParOldGen       total 114176K, used 11250K [0x00000000a0000000, 0x00000000a6f80000, 0x00000000e0000000)
  object space 114176K, 9% used [0x00000000a0000000,0x00000000a0afcbb8,0x00000000a6f80000)
 Metaspace       used 28778K, capacity 29290K, committed 29440K, reserved 1075200K
  class space    used 3885K, capacity 4082K, committed 4096K, reserved 1048576K
}
Event: 3.268 GC heap before
{Heap before GC invocations=6 (full 1):
 PSYoungGen      total 75264K, used 72416K [0x00000000e0000000, 0x00000000e6f80000, 0x0000000100000000)
  eden space 64512K, 100% used [0x00000000e0000000,0x00000000e3f00000,0x00000000e3f00000)
  from space 10752K, 73% used [0x00000000e4980000,0x00000000e5138298,0x00000000e5400000)
  to   space 10752K, 0% used [0x00000000e3f00000,0x00000000e3f00000,0x00000000e4980000)
 ParOldGen       total 114176K, used 11250K [0x00000000a0000000, 0x00000000a6f80000, 0x00000000e0000000)
  object space 114176K, 9% used [0x00000000a0000000,0x00000000a0afcbb8,0x00000000a6f80000)
 Metaspace       used 31976K, capacity 32462K, committed 32512K, reserved 1077248K
  class space    used 4408K, capacity 4606K, committed 4608K, reserved 1048576K
Event: 3.277 GC heap after
Heap after GC invocations=6 (full 1):
 PSYoungGen      total 75264K, used 8452K [0x00000000e0000000, 0x00000000e7780000, 0x0000000100000000)
  eden space 64512K, 0% used [0x00000000e0000000,0x00000000e0000000,0x00000000e3f00000)
  from space 10752K, 78% used [0x00000000e3f00000,0x00000000e4741170,0x00000000e4980000)
  to   space 12800K, 0% used [0x00000000e6b00000,0x00000000e6b00000,0x00000000e7780000)
 ParOldGen       total 114176K, used 11258K [0x00000000a0000000, 0x00000000a6f80000, 0x00000000e0000000)
  object space 114176K, 9% used [0x00000000a0000000,0x00000000a0afebb8,0x00000000a6f80000)
 Metaspace       used 31976K, capacity 32462K, committed 32512K, reserved 1077248K
  class space    used 4408K, capacity 4606K, committed 4608K, reserved 1048576K
}

